This is pdfTeX, Version 3.14159265-2.6-1.40.21 (MiKTeX 20.7) (preloaded format=pdflatex 2020.8.17)  3 SEP 2020 21:08
entering extended mode
**./main.tex
(main.tex
LaTeX2e <2020-02-02> patch level 5
L3 programming layer <2020-08-07>
("C:\Program Files\MiKTeX\tex/latex/base\book.cls"
Document Class: book 2019/12/20 v1.4l Standard LaTeX document class
("C:\Program Files\MiKTeX\tex/latex/base\bk11.clo"
File: bk11.clo 2019/12/20 v1.4l Standard LaTeX file (size option)
)
\c@part=\count168
\c@chapter=\count169
\c@section=\count170
\c@subsection=\count171
\c@subsubsection=\count172
\c@paragraph=\count173
\c@subparagraph=\count174
\c@figure=\count175
\c@table=\count176
\abovecaptionskip=\skip47
\belowcaptionskip=\skip48
\bibindent=\dimen134
)
(C:\Users\vseselj\AppData\Roaming\MiKTeX\tex/latex/geometry\geometry.sty
Package: geometry 2020/01/02 v5.9 Page Geometry

("C:\Program Files\MiKTeX\tex/latex/graphics\keyval.sty"
Package: keyval 2014/10/28 v1.15 key=value parser (DPC)
\KV@toks@=\toks15
)
("C:\Program Files\MiKTeX\tex/generic/iftex\ifvtex.sty"
Package: ifvtex 2019/10/25 v1.7 ifvtex legacy package. Use iftex instead.

("C:\Program Files\MiKTeX\tex/generic/iftex\iftex.sty"
Package: iftex 2020/03/06 v1.0d TeX engine tests
))
\Gm@cnth=\count177
\Gm@cntv=\count178
\c@Gm@tempcnt=\count179
\Gm@bindingoffset=\dimen135
\Gm@wd@mp=\dimen136
\Gm@odd@mp=\dimen137
\Gm@even@mp=\dimen138
\Gm@layoutwidth=\dimen139
\Gm@layoutheight=\dimen140
\Gm@layouthoffset=\dimen141
\Gm@layoutvoffset=\dimen142
\Gm@dimlist=\toks16

(C:\Users\vseselj\AppData\Roaming\MiKTeX\tex/latex/geometry\geometry.cfg))
(C:\Users\vseselj\AppData\Roaming\MiKTeX\tex/latex/subfiles\subfiles.sty
Package: subfiles 2020/02/14 v1.6 Multi-file projects (package)

(C:\Users\vseselj\AppData\Roaming\MiKTeX\tex/latex/import\import.sty
Package: import 2020/04/01  v 6.2
))
(C:\Users\vseselj\AppData\Roaming\MiKTeX\tex/latex/tocbibind\tocbibind.sty
Package: tocbibind 2010/10/13 v1.5k extra ToC listings
Package tocbibind Info: The document has chapter divisions on input line 50.


Package tocbibind Note: Using chapter style headings, unless overridden.

) ("C:\Program Files\MiKTeX\tex/latex/base\makeidx.sty"
Package: makeidx 2014/09/29 v1.0m Standard LaTeX package
)
\@indexfile=\write3
\openout3 = `main.idx'.


Writing index file main.idx
(C:\Users\vseselj\AppData\Roaming\MiKTeX\tex/latex/enumitem\enumitem.sty
Package: enumitem 2019/06/20 v3.9 Customized lists
\labelindent=\skip49
\enit@outerparindent=\dimen143
\enit@toks=\toks17
\enit@inbox=\box45
\enit@count@id=\count180
\enitdp@description=\count181
)
(C:\Users\vseselj\AppData\Roaming\MiKTeX\tex/latex/fancyhdr\fancyhdr.sty
Package: fancyhdr 2019/01/31 v3.10 Extensive control of page headers and footer
s
\f@nch@headwidth=\skip50
\f@nch@O@elh=\skip51
\f@nch@O@erh=\skip52
\f@nch@O@olh=\skip53
\f@nch@O@orh=\skip54
\f@nch@O@elf=\skip55
\f@nch@O@erf=\skip56
\f@nch@O@olf=\skip57
\f@nch@O@orf=\skip58
)

Package Fancyhdr Warning: \fancyhead's `E' option without twoside option is use
less on input line 16.


Package Fancyhdr Warning: \fancyhead's `E' option without twoside option is use
less on input line 18.

("C:\Program Files\MiKTeX\tex/latex/blindtext\blindtext.sty"
Package: blindtext 2012/01/06 V2.0 blindtext-Package

("C:\Program Files\MiKTeX\tex/latex/tools\xspace.sty"
Package: xspace 2014/10/28 v1.13 Space after command names (DPC,MH)
)
\c@blindtext=\count182
\c@Blindtext=\count183
\c@blind@countparstart=\count184
\blind@countxx=\count185
\blindtext@numBlindtext=\count186
\blind@countyy=\count187
\c@blindlist=\count188
\c@blindlistlevel=\count189
\c@blindlist@level=\count190
\blind@listitem=\count191
\c@blind@listcount=\count192
\c@blind@levelcount=\count193
\blind@mathformula=\count194
\blind@Mathformula=\count195
\c@blind@randomcount=\count196
\c@blind@randommax=\count197
\c@blind@pangramcount=\count198
\c@blind@pangrammax=\count199
)
(C:\Users\vseselj\AppData\Roaming\MiKTeX\tex/latex/titlesec\titlesec.sty
Package: titlesec 2019/10/16 v2.13 Sectioning titles
\ttl@box=\box46
\beforetitleunit=\skip59
\aftertitleunit=\skip60
\ttl@plus=\dimen144
\ttl@minus=\dimen145
\ttl@toksa=\toks18
\titlewidth=\dimen146
\titlewidthlast=\dimen147
\titlewidthfirst=\dimen148
)
("C:\Program Files\MiKTeX\tex/latex/graphics\color.sty"
Package: color 2019/11/23 v1.2a Standard LaTeX Color (DPC)

("C:\Program Files\MiKTeX\tex/latex/graphics-cfg\color.cfg"
File: color.cfg 2016/01/02 v1.6 sample color configuration
)
Package color Info: Driver file: pdftex.def on input line 147.

("C:\Program Files\MiKTeX\tex/latex/graphics-def\pdftex.def"
File: pdftex.def 2018/01/08 v1.0l Graphics/color driver for pdftex
))
("C:\Program Files\MiKTeX\tex/generic/babel\babel.sty"
Package: babel 2020/07/13 3.47 The Babel package

("C:\Program Files\MiKTeX\tex/generic/babel\babel.def"
File: babel.def 2020/07/13 3.47 Babel common definitions
\babel@savecnt=\count266
\U@D=\dimen149
\l@babelnohyphens=\language79

("C:\Program Files\MiKTeX\tex/generic/babel\txtbabel.def")
\bbl@readstream=\read2
)
\bbl@dirlevel=\count267

*************************************
* Local config file bblopts.cfg used
*
("C:\Program Files\MiKTeX\tex/latex/arabi\bblopts.cfg"
File: bblopts.cfg 2005/09/08 v0.1 add Arabic and Farsi to "declared" options of
 babel
)
("C:\Program Files\MiKTeX\tex/latex/babel-english\english.ldf"
Language: english 2017/06/06 v3.3r English support from the babel system
Package babel Info: \l@canadian = using hyphenrules for english
(babel)             (\language0) on input line 102.
Package babel Info: \l@australian = using hyphenrules for ukenglish
(babel)             (\language73) on input line 105.
Package babel Info: \l@newzealand = using hyphenrules for ukenglish
(babel)             (\language73) on input line 108.
)
(C:\Users\vseselj\AppData\Roaming\MiKTeX\tex/latex/babel-serbian\serbian.ldf
Language: serbian 2019/12/15 2.0a Serbian Latin support for the Babel system
Package babel Info: Making " an active character on input line 46.
))
("C:\Program Files\MiKTeX\tex/latex/base\inputenc.sty"
Package: inputenc 2018/08/11 v1.3c Input encoding file
\inpenc@prehook=\toks19
\inpenc@posthook=\toks20

(C:\Users\vseselj\AppData\Roaming\MiKTeX\tex/latex/ucs\utf8x.def
File: utf8x.def 2004/10/17 UCS: Input encoding UTF-8
))
(C:\Users\vseselj\AppData\Roaming\MiKTeX\tex/latex/ucs\ucs.sty
Package: ucs 2013/05/11 v2.2 UCS: Unicode input support

(C:\Users\vseselj\AppData\Roaming\MiKTeX\tex/latex/ucs\uni-global.def
File: uni-global.def 2013/05/13 UCS: Unicode global data
)
\uc@secondtry=\count268
\uc@combtoks=\toks21
\uc@combtoksb=\toks22
\uc@temptokena=\toks23
)
("C:\Program Files\MiKTeX\tex/latex/base\fontenc.sty"
Package: fontenc 2020/02/11 v2.0o Standard LaTeX package

(C:\Users\vseselj\AppData\Roaming\MiKTeX\tex/latex/cyrillic\ot2enc.def
File: ot2enc.def 2001/08/11 v3.3a Cyrillic encoding definition file
))
(C:\Users\vseselj\AppData\Roaming\MiKTeX\tex/latex/csquotes\csquotes.sty
Package: csquotes 2019-12-06 v5.2j context-sensitive quotations (JAW)

("C:\Program Files\MiKTeX\tex/latex/etoolbox\etoolbox.sty"
Package: etoolbox 2020/07/15 v2.5i e-TeX tools for LaTeX (JAW)
\etb@tempcnta=\count269
)
\csq@reset=\count270
\csq@gtype=\count271
\csq@glevel=\count272
\csq@qlevel=\count273
\csq@maxlvl=\count274
\csq@tshold=\count275
\csq@ltx@everypar=\toks24

(C:\Users\vseselj\AppData\Roaming\MiKTeX\tex/latex/csquotes\csquotes.def
File: csquotes.def 2019-12-06 v5.2j csquotes generic definitions (JAW)
)
Package csquotes Info: Trying to load configuration file 'csquotes.cfg'...
Package csquotes Info: ... configuration file loaded successfully.

(C:\Users\vseselj\AppData\Roaming\MiKTeX\tex/latex/csquotes\csquotes.cfg
File: csquotes.cfg 
)
Package csquotes Info: Redefining alias 'german' -> 'german/quotes'.
)
Package csquotes Info: Redefining alias 'serbian' -> 'dutch'.

("C:\Program Files\MiKTeX\tex/latex/graphics\graphicx.sty"
Package: graphicx 2019/11/30 v1.2a Enhanced LaTeX Graphics (DPC,SPQR)

("C:\Program Files\MiKTeX\tex/latex/graphics\graphics.sty"
Package: graphics 2019/11/30 v1.4a Standard LaTeX Graphics (DPC,SPQR)

("C:\Program Files\MiKTeX\tex/latex/graphics\trig.sty"
Package: trig 2016/01/03 v1.10 sin cos tan (DPC)
)
("C:\Program Files\MiKTeX\tex/latex/graphics-cfg\graphics.cfg"
File: graphics.cfg 2016/06/04 v1.11 sample graphics configuration
)
Package graphics Info: Driver file: pdftex.def on input line 105.
)
\Gin@req@height=\dimen150
\Gin@req@width=\dimen151
)
(C:\Users\vseselj\AppData\Roaming\MiKTeX\tex/latex/wrapfig\wrapfig.sty
\wrapoverhang=\dimen152
\WF@size=\dimen153
\c@WF@wrappedlines=\count276
\WF@box=\box47
\WF@everypar=\toks25
Package: wrapfig 2003/01/31  v 3.6
)
("C:\Program Files\MiKTeX\tex/latex/graphics\rotating.sty"
Package: rotating 2016/08/11 v2.16d rotated objects in LaTeX

("C:\Program Files\MiKTeX\tex/latex/base\ifthen.sty"
Package: ifthen 2014/09/29 v1.1c Standard LaTeX ifthen package (DPC)
)
\c@r@tfl@t=\count277
\rotFPtop=\skip61
\rotFPbot=\skip62
\rot@float@box=\box48
\rot@mess@toks=\toks26
)
(C:\Users\vseselj\AppData\Roaming\MiKTeX\tex/latex/caption\caption.sty
Package: caption 2020/05/30 v3.4k Customizing captions (AR)

(C:\Users\vseselj\AppData\Roaming\MiKTeX\tex/latex/caption\caption3.sty
Package: caption3 2020/05/30 v1.12 caption3 kernel (AR)
Package caption3 Info: TeX engine: e-TeX on input line 61.
\captionmargin=\dimen154
\captionmargin@=\dimen155
\captionwidth=\dimen156
\caption@tempdima=\dimen157
\caption@indent=\dimen158
\caption@parindent=\dimen159
\caption@hangindent=\dimen160
Package caption Info: Standard document class detected.
)
\c@caption@flags=\count278
\c@continuedfloat=\count279
Package caption Info: rotating package is loaded.
Package caption Info: wrapfig package is loaded.
)
(C:\Users\vseselj\AppData\Roaming\MiKTeX\tex/latex/caption\subcaption.sty
Package: subcaption 2020/01/22 v1.3d Sub-captions (AR)
\c@subfigure=\count280
\c@subtable=\count281
)
("C:\Program Files\MiKTeX\tex/latex/pgfplots\pgfplots.sty"
("C:\Program Files\MiKTeX\tex/generic/pgfplots\pgfplots.revision.tex")
Package: pgfplots 2020/02/29 v1.17 Data Visualization (1.17)

("C:\Program Files\MiKTeX\tex/latex/pgf/frontendlayer\tikz.sty"
("C:\Program Files\MiKTeX\tex/latex/pgf/basiclayer\pgf.sty"
("C:\Program Files\MiKTeX\tex/latex/pgf/utilities\pgfrcs.sty"
("C:\Program Files\MiKTeX\tex/generic/pgf/utilities\pgfutil-common.tex"
\pgfutil@everybye=\toks27
\pgfutil@tempdima=\dimen161
\pgfutil@tempdimb=\dimen162

("C:\Program Files\MiKTeX\tex/generic/pgf/utilities\pgfutil-common-lists.tex"))
("C:\Program Files\MiKTeX\tex/generic/pgf/utilities\pgfutil-latex.def"
\pgfutil@abb=\box49

("C:\Program Files\MiKTeX\tex/latex/ms\everyshi.sty"
Package: everyshi 2001/05/15 v3.00 EveryShipout Package (MS)
))
("C:\Program Files\MiKTeX\tex/generic/pgf/utilities\pgfrcs.code.tex"
("C:\Program Files\MiKTeX\tex/generic/pgf\pgf.revision.tex")
Package: pgfrcs 2020/01/08 v3.1.5b (3.1.5b)
))
Package: pgf 2020/01/08 v3.1.5b (3.1.5b)

("C:\Program Files\MiKTeX\tex/latex/pgf/basiclayer\pgfcore.sty"
("C:\Program Files\MiKTeX\tex/latex/pgf/systemlayer\pgfsys.sty"
("C:\Program Files\MiKTeX\tex/generic/pgf/systemlayer\pgfsys.code.tex"
Package: pgfsys 2020/01/08 v3.1.5b (3.1.5b)

("C:\Program Files\MiKTeX\tex/generic/pgf/utilities\pgfkeys.code.tex"
\pgfkeys@pathtoks=\toks28
\pgfkeys@temptoks=\toks29

("C:\Program Files\MiKTeX\tex/generic/pgf/utilities\pgfkeysfiltered.code.tex"
\pgfkeys@tmptoks=\toks30
))
\pgf@x=\dimen163
\pgf@y=\dimen164
\pgf@xa=\dimen165
\pgf@ya=\dimen166
\pgf@xb=\dimen167
\pgf@yb=\dimen168
\pgf@xc=\dimen169
\pgf@yc=\dimen170
\pgf@xd=\dimen171
\pgf@yd=\dimen172
\w@pgf@writea=\write4
\r@pgf@reada=\read3
\c@pgf@counta=\count282
\c@pgf@countb=\count283
\c@pgf@countc=\count284
\c@pgf@countd=\count285
\t@pgf@toka=\toks31
\t@pgf@tokb=\toks32
\t@pgf@tokc=\toks33
\pgf@sys@id@count=\count286
("C:\Program Files\MiKTeX\tex/generic/pgf/systemlayer\pgf.cfg"
File: pgf.cfg 2020/01/08 v3.1.5b (3.1.5b)
)
Driver file for pgf: pgfsys-pdftex.def

("C:\Program Files\MiKTeX\tex/generic/pgf/systemlayer\pgfsys-pdftex.def"
File: pgfsys-pdftex.def 2020/01/08 v3.1.5b (3.1.5b)

("C:\Program Files\MiKTeX\tex/generic/pgf/systemlayer\pgfsys-common-pdf.def"
File: pgfsys-common-pdf.def 2020/01/08 v3.1.5b (3.1.5b)
))) ("C:\Program Files\MiKTeX\tex/generic/pgf/systemlayer\pgfsyssoftpath.code.t
ex"
File: pgfsyssoftpath.code.tex 2020/01/08 v3.1.5b (3.1.5b)
\pgfsyssoftpath@smallbuffer@items=\count287
\pgfsyssoftpath@bigbuffer@items=\count288
) ("C:\Program Files\MiKTeX\tex/generic/pgf/systemlayer\pgfsysprotocol.code.tex
"
File: pgfsysprotocol.code.tex 2020/01/08 v3.1.5b (3.1.5b)
)) ("C:\Program Files\MiKTeX\tex/latex/xcolor\xcolor.sty"
Package: xcolor 2016/05/11 v2.12 LaTeX color extensions (UK)

("C:\Program Files\MiKTeX\tex/latex/graphics-cfg\color.cfg"
File: color.cfg 2016/01/02 v1.6 sample color configuration
)
Package xcolor Info: Driver file: pdftex.def on input line 225.
LaTeX Info: Redefining \color on input line 709.
Package xcolor Info: Model `cmy' substituted by `cmy0' on input line 1348.
Package xcolor Info: Model `hsb' substituted by `rgb' on input line 1352.
Package xcolor Info: Model `RGB' extended on input line 1364.
Package xcolor Info: Model `HTML' substituted by `rgb' on input line 1366.
Package xcolor Info: Model `Hsb' substituted by `hsb' on input line 1367.
Package xcolor Info: Model `tHsb' substituted by `hsb' on input line 1368.
Package xcolor Info: Model `HSB' substituted by `hsb' on input line 1369.
Package xcolor Info: Model `Gray' substituted by `gray' on input line 1370.
Package xcolor Info: Model `wave' substituted by `hsb' on input line 1371.
)
("C:\Program Files\MiKTeX\tex/generic/pgf/basiclayer\pgfcore.code.tex"
Package: pgfcore 2020/01/08 v3.1.5b (3.1.5b)

("C:\Program Files\MiKTeX\tex/generic/pgf/math\pgfmath.code.tex"
("C:\Program Files\MiKTeX\tex/generic/pgf/math\pgfmathcalc.code.tex"
("C:\Program Files\MiKTeX\tex/generic/pgf/math\pgfmathutil.code.tex")
("C:\Program Files\MiKTeX\tex/generic/pgf/math\pgfmathparser.code.tex"
\pgfmath@dimen=\dimen173
\pgfmath@count=\count289
\pgfmath@box=\box50
\pgfmath@toks=\toks34
\pgfmath@stack@operand=\toks35
\pgfmath@stack@operation=\toks36
)
("C:\Program Files\MiKTeX\tex/generic/pgf/math\pgfmathfunctions.code.tex"
("C:\Program Files\MiKTeX\tex/generic/pgf/math\pgfmathfunctions.basic.code.tex"
)
("C:\Program Files\MiKTeX\tex/generic/pgf/math\pgfmathfunctions.trigonometric.c
ode.tex")
("C:\Program Files\MiKTeX\tex/generic/pgf/math\pgfmathfunctions.random.code.tex
")
("C:\Program Files\MiKTeX\tex/generic/pgf/math\pgfmathfunctions.comparison.code
.tex")
("C:\Program Files\MiKTeX\tex/generic/pgf/math\pgfmathfunctions.base.code.tex")
("C:\Program Files\MiKTeX\tex/generic/pgf/math\pgfmathfunctions.round.code.tex"
) ("C:\Program Files\MiKTeX\tex/generic/pgf/math\pgfmathfunctions.misc.code.tex
")
("C:\Program Files\MiKTeX\tex/generic/pgf/math\pgfmathfunctions.integerarithmet
ics.code.tex")))
("C:\Program Files\MiKTeX\tex/generic/pgf/math\pgfmathfloat.code.tex"
\c@pgfmathroundto@lastzeros=\count290
))
("C:\Program Files\MiKTeX\tex/generic/pgf/math\pgfint.code.tex")
("C:\Program Files\MiKTeX\tex/generic/pgf/basiclayer\pgfcorepoints.code.tex"
File: pgfcorepoints.code.tex 2020/01/08 v3.1.5b (3.1.5b)
\pgf@picminx=\dimen174
\pgf@picmaxx=\dimen175
\pgf@picminy=\dimen176
\pgf@picmaxy=\dimen177
\pgf@pathminx=\dimen178
\pgf@pathmaxx=\dimen179
\pgf@pathminy=\dimen180
\pgf@pathmaxy=\dimen181
\pgf@xx=\dimen182
\pgf@xy=\dimen183
\pgf@yx=\dimen184
\pgf@yy=\dimen185
\pgf@zx=\dimen186
\pgf@zy=\dimen187
)
("C:\Program Files\MiKTeX\tex/generic/pgf/basiclayer\pgfcorepathconstruct.code.
tex"
File: pgfcorepathconstruct.code.tex 2020/01/08 v3.1.5b (3.1.5b)
\pgf@path@lastx=\dimen188
\pgf@path@lasty=\dimen189
)
("C:\Program Files\MiKTeX\tex/generic/pgf/basiclayer\pgfcorepathusage.code.tex"
File: pgfcorepathusage.code.tex 2020/01/08 v3.1.5b (3.1.5b)
\pgf@shorten@end@additional=\dimen190
\pgf@shorten@start@additional=\dimen191
) ("C:\Program Files\MiKTeX\tex/generic/pgf/basiclayer\pgfcorescopes.code.tex"
File: pgfcorescopes.code.tex 2020/01/08 v3.1.5b (3.1.5b)
\pgfpic=\box51
\pgf@hbox=\box52
\pgf@layerbox@main=\box53
\pgf@picture@serial@count=\count291
)
("C:\Program Files\MiKTeX\tex/generic/pgf/basiclayer\pgfcoregraphicstate.code.t
ex"
File: pgfcoregraphicstate.code.tex 2020/01/08 v3.1.5b (3.1.5b)
\pgflinewidth=\dimen192
)
("C:\Program Files\MiKTeX\tex/generic/pgf/basiclayer\pgfcoretransformations.cod
e.tex"
File: pgfcoretransformations.code.tex 2020/01/08 v3.1.5b (3.1.5b)
\pgf@pt@x=\dimen193
\pgf@pt@y=\dimen194
\pgf@pt@temp=\dimen195
)
("C:\Program Files\MiKTeX\tex/generic/pgf/basiclayer\pgfcorequick.code.tex"
File: pgfcorequick.code.tex 2020/01/08 v3.1.5b (3.1.5b)
)
("C:\Program Files\MiKTeX\tex/generic/pgf/basiclayer\pgfcoreobjects.code.tex"
File: pgfcoreobjects.code.tex 2020/01/08 v3.1.5b (3.1.5b)
)
("C:\Program Files\MiKTeX\tex/generic/pgf/basiclayer\pgfcorepathprocessing.code
.tex"
File: pgfcorepathprocessing.code.tex 2020/01/08 v3.1.5b (3.1.5b)
)
("C:\Program Files\MiKTeX\tex/generic/pgf/basiclayer\pgfcorearrows.code.tex"
File: pgfcorearrows.code.tex 2020/01/08 v3.1.5b (3.1.5b)
\pgfarrowsep=\dimen196
)
("C:\Program Files\MiKTeX\tex/generic/pgf/basiclayer\pgfcoreshade.code.tex"
File: pgfcoreshade.code.tex 2020/01/08 v3.1.5b (3.1.5b)
\pgf@max=\dimen197
\pgf@sys@shading@range@num=\count292
\pgf@shadingcount=\count293
)
("C:\Program Files\MiKTeX\tex/generic/pgf/basiclayer\pgfcoreimage.code.tex"
File: pgfcoreimage.code.tex 2020/01/08 v3.1.5b (3.1.5b)

("C:\Program Files\MiKTeX\tex/generic/pgf/basiclayer\pgfcoreexternal.code.tex"
File: pgfcoreexternal.code.tex 2020/01/08 v3.1.5b (3.1.5b)
\pgfexternal@startupbox=\box54
)) ("C:\Program Files\MiKTeX\tex/generic/pgf/basiclayer\pgfcorelayers.code.tex"
File: pgfcorelayers.code.tex 2020/01/08 v3.1.5b (3.1.5b)
)
("C:\Program Files\MiKTeX\tex/generic/pgf/basiclayer\pgfcoretransparency.code.t
ex"
File: pgfcoretransparency.code.tex 2020/01/08 v3.1.5b (3.1.5b)
)
("C:\Program Files\MiKTeX\tex/generic/pgf/basiclayer\pgfcorepatterns.code.tex"
File: pgfcorepatterns.code.tex 2020/01/08 v3.1.5b (3.1.5b)
) ("C:\Program Files\MiKTeX\tex/generic/pgf/basiclayer\pgfcorerdf.code.tex"
File: pgfcorerdf.code.tex 2020/01/08 v3.1.5b (3.1.5b)
)))
("C:\Program Files\MiKTeX\tex/generic/pgf/modules\pgfmoduleshapes.code.tex"
File: pgfmoduleshapes.code.tex 2020/01/08 v3.1.5b (3.1.5b)
\pgfnodeparttextbox=\box55
)
("C:\Program Files\MiKTeX\tex/generic/pgf/modules\pgfmoduleplot.code.tex"
File: pgfmoduleplot.code.tex 2020/01/08 v3.1.5b (3.1.5b)
)
("C:\Program Files\MiKTeX\tex/latex/pgf/compatibility\pgfcomp-version-0-65.sty"
Package: pgfcomp-version-0-65 2020/01/08 v3.1.5b (3.1.5b)
\pgf@nodesepstart=\dimen198
\pgf@nodesepend=\dimen199
) ("C:\Program Files\MiKTeX\tex/latex/pgf/compatibility\pgfcomp-version-1-18.st
y"
Package: pgfcomp-version-1-18 2020/01/08 v3.1.5b (3.1.5b)
)) ("C:\Program Files\MiKTeX\tex/latex/pgf/utilities\pgffor.sty"
("C:\Program Files\MiKTeX\tex/latex/pgf/utilities\pgfkeys.sty"
("C:\Program Files\MiKTeX\tex/generic/pgf/utilities\pgfkeys.code.tex"))
("C:\Program Files\MiKTeX\tex/latex/pgf/math\pgfmath.sty"
("C:\Program Files\MiKTeX\tex/generic/pgf/math\pgfmath.code.tex"))
("C:\Program Files\MiKTeX\tex/generic/pgf/utilities\pgffor.code.tex"
Package: pgffor 2020/01/08 v3.1.5b (3.1.5b)

("C:\Program Files\MiKTeX\tex/generic/pgf/math\pgfmath.code.tex")
\pgffor@iter=\dimen256
\pgffor@skip=\dimen257
\pgffor@stack=\toks37
\pgffor@toks=\toks38
))
("C:\Program Files\MiKTeX\tex/generic/pgf/frontendlayer/tikz\tikz.code.tex"
Package: tikz 2020/01/08 v3.1.5b (3.1.5b)

("C:\Program Files\MiKTeX\tex/generic/pgf/libraries\pgflibraryplothandlers.code
.tex"
File: pgflibraryplothandlers.code.tex 2020/01/08 v3.1.5b (3.1.5b)
\pgf@plot@mark@count=\count294
\pgfplotmarksize=\dimen258
)
\tikz@lastx=\dimen259
\tikz@lasty=\dimen260
\tikz@lastxsaved=\dimen261
\tikz@lastysaved=\dimen262
\tikz@lastmovetox=\dimen263
\tikz@lastmovetoy=\dimen264
\tikzleveldistance=\dimen265
\tikzsiblingdistance=\dimen266
\tikz@figbox=\box56
\tikz@figbox@bg=\box57
\tikz@tempbox=\box58
\tikz@tempbox@bg=\box59
\tikztreelevel=\count295
\tikznumberofchildren=\count296
\tikznumberofcurrentchild=\count297
\tikz@fig@count=\count298

("C:\Program Files\MiKTeX\tex/generic/pgf/modules\pgfmodulematrix.code.tex"
File: pgfmodulematrix.code.tex 2020/01/08 v3.1.5b (3.1.5b)
\pgfmatrixcurrentrow=\count299
\pgfmatrixcurrentcolumn=\count300
\pgf@matrix@numberofcolumns=\count301
)
\tikz@expandcount=\count302

("C:\Program Files\MiKTeX\tex/generic/pgf/frontendlayer/tikz/libraries\tikzlibr
arytopaths.code.tex"
File: tikzlibrarytopaths.code.tex 2020/01/08 v3.1.5b (3.1.5b)
)))
("C:\Program Files\MiKTeX\tex/generic/pgfplots\pgfplots.code.tex"
("C:\Program Files\MiKTeX\tex/generic/pgfplots\pgfplotscore.code.tex"
\t@pgfplots@toka=\toks39
\t@pgfplots@tokb=\toks40
\t@pgfplots@tokc=\toks41
\pgfplots@tmpa=\dimen267
\c@pgfplots@coordindex=\count303
\c@pgfplots@scanlineindex=\count304

("C:\Program Files\MiKTeX\tex/generic/pgfplots/sys\pgfplotssysgeneric.code.tex"
)) ("C:\Program Files\MiKTeX\tex/generic/pgfplots/libs\pgfplotslibrary.code.tex
")
("C:\Program Files\MiKTeX\tex/generic/pgfplots/oldpgfcompatib\pgfplotsoldpgfsup
p_loader.code.tex"
("C:\Program Files\MiKTeX\tex/generic/pgf/libraries\pgflibraryfpu.code.tex"))
("C:\Program Files\MiKTeX\tex/generic/pgfplots/util\pgfplotsutil.code.tex"
("C:\Program Files\MiKTeX\tex/generic/pgfplots/liststructure\pgfplotsliststruct
ure.code.tex")
("C:\Program Files\MiKTeX\tex/generic/pgfplots/liststructure\pgfplotsliststruct
ureext.code.tex")
("C:\Program Files\MiKTeX\tex/generic/pgfplots/liststructure\pgfplotsarray.code
.tex"
\c@pgfplotsarray@tmp=\count305
)
("C:\Program Files\MiKTeX\tex/generic/pgfplots/liststructure\pgfplotsmatrix.cod
e.tex")
("C:\Program Files\MiKTeX\tex/generic/pgfplots/numtable\pgfplotstableshared.cod
e.tex"
\c@pgfplotstable@counta=\count306
\t@pgfplotstable@a=\toks42
)
("C:\Program Files\MiKTeX\tex/generic/pgfplots/liststructure\pgfplotsdeque.code
.tex")
("C:\Program Files\MiKTeX\tex/generic/pgfplots/util\pgfplotsbinary.code.tex"
("C:\Program Files\MiKTeX\tex/generic/pgfplots/util\pgfplotsbinary.data.code.te
x"))
("C:\Program Files\MiKTeX\tex/generic/pgfplots/util\pgfplotsutil.verb.code.tex"
)
("C:\Program Files\MiKTeX\tex/generic/pgfplots/libs\pgflibrarypgfplots.surfshad
ing.code.tex"
\c@pgfplotslibrarysurf@no=\count307

("C:\Program Files\MiKTeX\tex/generic/pgfplots/sys\pgflibrarypgfplots.surfshadi
ng.pgfsys-pdftex.def")))
("C:\Program Files\MiKTeX\tex/generic/pgfplots/util\pgfplotscolormap.code.tex"
("C:\Program Files\MiKTeX\tex/generic/pgfplots/util\pgfplotscolor.code.tex"))
("C:\Program Files\MiKTeX\tex/generic/pgfplots\pgfplotsstackedplots.code.tex")
("C:\Program Files\MiKTeX\tex/generic/pgfplots\pgfplotsplothandlers.code.tex"
("C:\Program Files\MiKTeX\tex/generic/pgfplots\pgfplotsmeshplothandler.code.tex
" ("C:\Program Files\MiKTeX\tex/generic/pgfplots\pgfplotsmeshplotimage.code.tex
"))) ("C:\Program Files\MiKTeX\tex/generic/pgfplots\pgfplots.scaling.code.tex")
("C:\Program Files\MiKTeX\tex/generic/pgfplots\pgfplotscoordprocessing.code.tex
") ("C:\Program Files\MiKTeX\tex/generic/pgfplots\pgfplots.errorbars.code.tex")
("C:\Program Files\MiKTeX\tex/generic/pgfplots\pgfplots.markers.code.tex")
("C:\Program Files\MiKTeX\tex/generic/pgfplots\pgfplotsticks.code.tex")
("C:\Program Files\MiKTeX\tex/generic/pgfplots\pgfplots.paths.code.tex")
("C:\Program Files\MiKTeX\tex/generic/pgf/frontendlayer/tikz/libraries\tikzlibr
arydecorations.code.tex"
("C:\Program Files\MiKTeX\tex/generic/pgf/modules\pgfmoduledecorations.code.tex
"
\pgfdecoratedcompleteddistance=\dimen268
\pgfdecoratedremainingdistance=\dimen269
\pgfdecoratedinputsegmentcompleteddistance=\dimen270
\pgfdecoratedinputsegmentremainingdistance=\dimen271
\pgf@decorate@distancetomove=\dimen272
\pgf@decorate@repeatstate=\count308
\pgfdecorationsegmentamplitude=\dimen273
\pgfdecorationsegmentlength=\dimen274
)
\tikz@lib@dec@box=\box60
)
("C:\Program Files\MiKTeX\tex/generic/pgf/frontendlayer/tikz/libraries\tikzlibr
arydecorations.pathmorphing.code.tex"
("C:\Program Files\MiKTeX\tex/generic/pgf/libraries/decorations\pgflibrarydecor
ations.pathmorphing.code.tex"))
("C:\Program Files\MiKTeX\tex/generic/pgf/frontendlayer/tikz/libraries\tikzlibr
arydecorations.pathreplacing.code.tex"
("C:\Program Files\MiKTeX\tex/generic/pgf/libraries/decorations\pgflibrarydecor
ations.pathreplacing.code.tex"))
\pgfplots@numplots=\count309
\pgfplots@xmin@reg=\dimen275
\pgfplots@xmax@reg=\dimen276
\pgfplots@ymin@reg=\dimen277
\pgfplots@ymax@reg=\dimen278
\pgfplots@zmin@reg=\dimen279
\pgfplots@zmax@reg=\dimen280
)
("C:\Program Files\MiKTeX\tex/generic/pgf/frontendlayer/tikz/libraries\tikzlibr
aryplotmarks.code.tex"
File: tikzlibraryplotmarks.code.tex 2020/01/08 v3.1.5b (3.1.5b)

("C:\Program Files\MiKTeX\tex/generic/pgf/libraries\pgflibraryplotmarks.code.te
x"
File: pgflibraryplotmarks.code.tex 2020/01/08 v3.1.5b (3.1.5b)
))) ("C:\Program Files\MiKTeX\tex/latex/pgfplots\pgfplotstable.sty"
("C:\Program Files\MiKTeX\tex/generic/pgfplots\pgfplots.revision.tex")
Package: pgfplotstable 2020/02/29 v1.17 Table typesetting and Pretty-printing (
1.17)

("C:\Program Files\MiKTeX\tex/generic/pgfplots/numtable\pgfplotstable.code.tex"

("C:\Program Files\MiKTeX\tex/generic/pgfplots/numtable\pgfplotstable.coltype.c
ode.tex")) ("C:\Program Files\MiKTeX\tex/latex/tools\array.sty"
Package: array 2019/08/31 v2.4l Tabular extension package (FMi)
\col@sep=\dimen281
\ar@mcellbox=\box61
\extrarowheight=\dimen282
\NC@list=\toks43
\extratabsurround=\skip63
\backup@length=\skip64
\ar@cellbox=\box62
))
("C:\Program Files\MiKTeX\tex/generic/pgf/frontendlayer/tikz/libraries\tikzlibr
arycalc.code.tex"
File: tikzlibrarycalc.code.tex 2020/01/08 v3.1.5b (3.1.5b)
)
("C:\Program Files\MiKTeX\tex/generic/pgf/frontendlayer/tikz/libraries\tikzlibr
arypatterns.code.tex"
File: tikzlibrarypatterns.code.tex 2020/01/08 v3.1.5b (3.1.5b)

("C:\Program Files\MiKTeX\tex/generic/pgf/libraries\pgflibrarypatterns.code.tex
"
File: pgflibrarypatterns.code.tex 2020/01/08 v3.1.5b (3.1.5b)
))
("C:\Program Files\MiKTeX\tex/generic/pgf/frontendlayer/tikz/libraries\tikzlibr
arydecorations.markings.code.tex"
("C:\Program Files\MiKTeX\tex/generic/pgf/libraries/decorations\pgflibrarydecor
ations.markings.code.tex"))
("C:\Program Files\MiKTeX\tex/generic/pgf/frontendlayer/tikz/libraries\tikzlibr
aryarrows.code.tex"
File: tikzlibraryarrows.code.tex 2020/01/08 v3.1.5b (3.1.5b)

("C:\Program Files\MiKTeX\tex/generic/pgf/libraries\pgflibraryarrows.code.tex"
File: pgflibraryarrows.code.tex 2020/01/08 v3.1.5b (3.1.5b)
\arrowsize=\dimen283
))
("C:\Program Files\MiKTeX\tex/generic/pgf/frontendlayer/tikz/libraries\tikzlibr
aryshapes.code.tex"
File: tikzlibraryshapes.code.tex 2020/01/08 v3.1.5b (3.1.5b)

("C:\Program Files\MiKTeX\tex/generic/pgf/frontendlayer/tikz/libraries\tikzlibr
aryshapes.geometric.code.tex"
File: tikzlibraryshapes.geometric.code.tex 2020/01/08 v3.1.5b (3.1.5b)

("C:\Program Files\MiKTeX\tex/generic/pgf/libraries/shapes\pgflibraryshapes.geo
metric.code.tex"
File: pgflibraryshapes.geometric.code.tex 2020/01/08 v3.1.5b (3.1.5b)
))
("C:\Program Files\MiKTeX\tex/generic/pgf/frontendlayer/tikz/libraries\tikzlibr
aryshapes.misc.code.tex"
File: tikzlibraryshapes.misc.code.tex 2020/01/08 v3.1.5b (3.1.5b)

("C:\Program Files\MiKTeX\tex/generic/pgf/libraries/shapes\pgflibraryshapes.mis
c.code.tex"
File: pgflibraryshapes.misc.code.tex 2020/01/08 v3.1.5b (3.1.5b)
))
("C:\Program Files\MiKTeX\tex/generic/pgf/frontendlayer/tikz/libraries\tikzlibr
aryshapes.symbols.code.tex"
File: tikzlibraryshapes.symbols.code.tex 2020/01/08 v3.1.5b (3.1.5b)

("C:\Program Files\MiKTeX\tex/generic/pgf/libraries/shapes\pgflibraryshapes.sym
bols.code.tex"
File: pgflibraryshapes.symbols.code.tex 2020/01/08 v3.1.5b (3.1.5b)
))
("C:\Program Files\MiKTeX\tex/generic/pgf/frontendlayer/tikz/libraries\tikzlibr
aryshapes.arrows.code.tex"
File: tikzlibraryshapes.arrows.code.tex 2020/01/08 v3.1.5b (3.1.5b)

("C:\Program Files\MiKTeX\tex/generic/pgf/libraries/shapes\pgflibraryshapes.arr
ows.code.tex"
File: pgflibraryshapes.arrows.code.tex 2020/01/08 v3.1.5b (3.1.5b)
))
("C:\Program Files\MiKTeX\tex/generic/pgf/frontendlayer/tikz/libraries\tikzlibr
aryshapes.callouts.code.tex"
("C:\Program Files\MiKTeX\tex/generic/pgf/libraries/shapes\pgflibraryshapes.cal
louts.code.tex"))
("C:\Program Files\MiKTeX\tex/generic/pgf/frontendlayer/tikz/libraries\tikzlibr
aryshapes.multipart.code.tex"
File: tikzlibraryshapes.multipart.code.tex 2020/01/08 v3.1.5b (3.1.5b)

("C:\Program Files\MiKTeX\tex/generic/pgf/libraries/shapes\pgflibraryshapes.mul
tipart.code.tex"
File: pgflibraryshapes.multipart.code.tex 2020/01/08 v3.1.5b (3.1.5b)
\pgfnodepartlowerbox=\box63
\pgfnodeparttwobox=\box64
\pgfnodepartthreebox=\box65
\pgfnodepartfourbox=\box66
\pgfnodeparttwentybox=\box67
\pgfnodepartnineteenbox=\box68
\pgfnodeparteighteenbox=\box69
\pgfnodepartseventeenbox=\box70
\pgfnodepartsixteenbox=\box71
\pgfnodepartfifteenbox=\box72
\pgfnodepartfourteenbox=\box73
\pgfnodepartthirteenbox=\box74
\pgfnodeparttwelvebox=\box75
\pgfnodepartelevenbox=\box76
\pgfnodeparttenbox=\box77
\pgfnodepartninebox=\box78
\pgfnodeparteightbox=\box79
\pgfnodepartsevenbox=\box80
\pgfnodepartsixbox=\box81
\pgfnodepartfivebox=\box82
)))
("C:\Program Files\MiKTeX\tex/generic/pgf/frontendlayer/tikz/libraries\tikzlibr
arypositioning.code.tex"
File: tikzlibrarypositioning.code.tex 2020/01/08 v3.1.5b (3.1.5b)
)
("C:\Program Files\MiKTeX\tex/generic/pgf/frontendlayer/tikz/libraries\tikzlibr
arychains.code.tex"
File: tikzlibrarychains.code.tex 2020/01/08 v3.1.5b (3.1.5b)
)
("C:\Program Files\MiKTeX\tex/generic/pgf/frontendlayer/tikz/libraries\tikzlibr
arybackgrounds.code.tex"
File: tikzlibrarybackgrounds.code.tex 2020/01/08 v3.1.5b (3.1.5b)
\pgf@layerbox@background=\box83
\pgf@layerboxsaved@background=\box84
)
("C:\Program Files\MiKTeX\tex/generic/pgf/frontendlayer/tikz/libraries/circuits
\tikzlibrarycircuits.logic.US.code.tex"
("C:\Program Files\MiKTeX\tex/generic/pgf/frontendlayer/tikz/libraries/circuits
\tikzlibrarycircuits.logic.code.tex"
("C:\Program Files\MiKTeX\tex/generic/pgf/frontendlayer/tikz/libraries/circuits
\tikzlibrarycircuits.code.tex"
\tikz@lib@circ@count=\count310
\tikzcircuitssizeunit=\dimen284
))
("C:\Program Files\MiKTeX\tex/generic/pgf/libraries/shapes/circuits\pgflibrarys
hapes.gates.logic.US.code.tex"
("C:\Program Files\MiKTeX\tex/generic/pgf/libraries/shapes/circuits\pgflibrarys
hapes.gates.logic.code.tex")))
("C:\Program Files\MiKTeX\tex/generic/pgf/frontendlayer/tikz/libraries\tikzlibr
aryshadings.code.tex"
File: tikzlibraryshadings.code.tex 2020/01/08 v3.1.5b (3.1.5b)

("C:\Program Files\MiKTeX\tex/generic/pgf/libraries\pgflibraryshadings.code.tex
"
File: pgflibraryshadings.code.tex 2020/01/08 v3.1.5b (3.1.5b)
)) (C:\Users\vseselj\AppData\Roaming\MiKTeX\tex/latex/multirow\multirow.sty
Package: multirow 2019/05/31 v2.5 Span multiple rows of a table
\multirow@colwidth=\skip65
\multirow@cntb=\count311
\multirow@dima=\skip66
\bigstrutjot=\dimen285
)
(C:\Users\vseselj\AppData\Roaming\MiKTeX\tex/latex/pdflscape\pdflscape.sty
Package: pdflscape 2019/12/05 v0.12 Display of landscape pages in PDF (HO)

("C:\Program Files\MiKTeX\tex/latex/graphics\lscape.sty"
Package: lscape 2000/10/22 v3.01 Landscape Pages (DPC)
)
Package pdflscape Info: Auto-detected driver: pdftex on input line 81.
)
("C:\Program Files\MiKTeX\tex/latex/listings\listings.sty"
\lst@mode=\count312
\lst@gtempboxa=\box85
\lst@token=\toks44
\lst@length=\count313
\lst@currlwidth=\dimen286
\lst@column=\count314
\lst@pos=\count315
\lst@lostspace=\dimen287
\lst@width=\dimen288
\lst@newlines=\count316
\lst@lineno=\count317
\lst@maxwidth=\dimen289

("C:\Program Files\MiKTeX\tex/latex/listings\lstmisc.sty"
File: lstmisc.sty 2020/03/24 1.8d (Carsten Heinz)
\c@lstnumber=\count318
\lst@skipnumbers=\count319
\lst@framebox=\box86
)
("C:\Program Files\MiKTeX\tex/latex/listings\listings.cfg"
File: listings.cfg 2020/03/24 1.8d listings configuration
))
Package: listings 2020/03/24 1.8d (Carsten Heinz)

(C:\Users\vseselj\AppData\Roaming\MiKTeX\tex/latex/adjustbox\adjustbox.sty
Package: adjustbox 2019/01/04 v1.2 Adjusting TeX boxes (trim, clip, ...)

("C:\Program Files\MiKTeX\tex/latex/xkeyval\xkeyval.sty"
Package: xkeyval 2014/12/03 v2.7a package option processing (HA)

("C:\Program Files\MiKTeX\tex/generic/xkeyval\xkeyval.tex"
("C:\Program Files\MiKTeX\tex/generic/xkeyval\xkvutils.tex"
\XKV@toks=\toks45
\XKV@tempa@toks=\toks46
)
\XKV@depth=\count320
File: xkeyval.tex 2014/12/03 v2.7a key=value parser (HA)
))
(C:\Users\vseselj\AppData\Roaming\MiKTeX\tex/latex/adjustbox\adjcalc.sty
Package: adjcalc 2012/05/16 v1.1 Provides advanced setlength with multiple back
-ends (calc, etex, pgfmath)
)
(C:\Users\vseselj\AppData\Roaming\MiKTeX\tex/latex/adjustbox\trimclip.sty
Package: trimclip 2018/04/08 v1.1 Trim and clip general TeX material

(C:\Users\vseselj\AppData\Roaming\MiKTeX\tex/latex/collectbox\collectbox.sty
Package: collectbox 2012/05/17 v0.4b Collect macro arguments as boxes
\collectedbox=\box87
)
\tc@llx=\dimen290
\tc@lly=\dimen291
\tc@urx=\dimen292
\tc@ury=\dimen293
Package trimclip Info: Using driver 'tc-pdftex.def'.

(C:\Users\vseselj\AppData\Roaming\MiKTeX\tex/latex/adjustbox\tc-pdftex.def
File: tc-pdftex.def 2019/01/04 v2.2 Clipping driver for pdftex
))
\adjbox@Width=\dimen294
\adjbox@Height=\dimen295
\adjbox@Depth=\dimen296
\adjbox@Totalheight=\dimen297
\adjbox@pwidth=\dimen298
\adjbox@pheight=\dimen299
\adjbox@pdepth=\dimen300
\adjbox@ptotalheight=\dimen301

(C:\Users\vseselj\AppData\Roaming\MiKTeX\tex/latex/ifoddpage\ifoddpage.sty
Package: ifoddpage 2016/04/23 v1.1 Conditionals for odd/even page detection
\c@checkoddpage=\count321
)
(C:\Users\vseselj\AppData\Roaming\MiKTeX\tex/latex/varwidth\varwidth.sty
Package: varwidth 2009/03/30 ver 0.92;  Variable-width minipages
\@vwid@box=\box88
\sift@deathcycles=\count322
\@vwid@loff=\dimen302
\@vwid@roff=\dimen303
))
(C:\Users\vseselj\AppData\Roaming\MiKTeX\tex/latex/appendix\appendix.sty
Package: appendix 2020/02/08 v1.2c extra appendix facilities
\c@@pps=\count323
\c@@ppsavesec=\count324
\c@@ppsaveapp=\count325
)
("C:\Program Files\MiKTeX\tex/latex/tcolorbox\tcolorbox.sty"
Package: tcolorbox 2020/07/31 version 4.31 text color boxes

("C:\Program Files\MiKTeX\tex/latex/tools\verbatim.sty"
Package: verbatim 2019/11/10 v1.5r LaTeX2e package for verbatim enhancements
\every@verbatim=\toks47
\verbatim@line=\toks48
\verbatim@in@stream=\read4
)
("C:\Program Files\MiKTeX\tex/latex/environ\environ.sty"
Package: environ 2014/05/04 v0.3 A new way to define environments

("C:\Program Files\MiKTeX\tex/latex/trimspaces\trimspaces.sty"
Package: trimspaces 2009/09/17 v1.1 Trim spaces around a token list
)
\@envbody=\toks49
)
\tcb@titlebox=\box89
\tcb@upperbox=\box90
\tcb@lowerbox=\box91
\tcb@phantombox=\box92
\c@tcbbreakpart=\count326
\c@tcblayer=\count327
\c@tcolorbox@number=\count328
\tcb@temp=\box93
\tcb@temp=\box94
\tcb@temp=\box95
\tcb@temp=\box96
\tcb@out=\write5
\tcb@record@out=\write6
)
(C:\Users\vseselj\AppData\Roaming\MiKTeX\tex/latex/colortbl\colortbl.sty
Package: colortbl 2020/01/04 v1.0e Color table columns (DPC)
\everycr=\toks50
\minrowclearance=\skip67
)
(C:\Users\vseselj\AppData\Roaming\MiKTeX\tex/latex/lipsum\lipsum.sty
("C:\Program Files\MiKTeX\tex/latex/l3kernel\expl3.sty"
Package: expl3 2020-08-07 L3 programming layer (loader) 

("C:\Program Files\MiKTeX\tex/latex/l3backend\l3backend-pdfmode.def"
File: l3backend-pdfmode.def 2020-08-07 L3 backend support: PDF mode
\l__kernel_color_stack_int=\count329
\l__pdf_internal_box=\box97
))
("C:\Program Files\MiKTeX\tex/latex/l3packages/xparse\xparse.sty"
Package: xparse 2020-05-15 L3 Experimental document command parser

("C:\Program Files\MiKTeX\tex/latex/l3packages/xparse\xparse-generic.tex"
\l__xparse_current_arg_int=\count330
\g__xparse_grabber_int=\count331
\l__xparse_m_args_int=\count332
\l__xparse_v_nesting_int=\count333
))
Package: lipsum 2019/01/02 v2.2 150 paragraphs of Lorem Ipsum dummy text

(C:\Users\vseselj\AppData\Roaming\MiKTeX\tex/latex/lipsum\lipsum.ltd.tex
File: lipsum.ltd.tex 2019/01/02 v2.2 The Lorem ipsum dummy text
))
("C:\Program Files\MiKTeX\tex/latex/hyperref\hyperref.sty"
Package: hyperref 2020-05-15 v7.00e Hypertext links for LaTeX

(C:\Users\vseselj\AppData\Roaming\MiKTeX\tex/generic/ltxcmds\ltxcmds.sty
Package: ltxcmds 2019/12/15 v1.24 LaTeX kernel commands for general use (HO)
)
("C:\Program Files\MiKTeX\tex/generic/pdftexcmds\pdftexcmds.sty"
Package: pdftexcmds 2020-06-27 v0.33 Utility functions of pdfTeX for LuaTeX (HO
)

(C:\Users\vseselj\AppData\Roaming\MiKTeX\tex/generic/infwarerr\infwarerr.sty
Package: infwarerr 2019/12/03 v1.5 Providing info/warning/error messages (HO)
)
Package pdftexcmds Info: \pdf@primitive is available.
Package pdftexcmds Info: \pdf@ifprimitive is available.
Package pdftexcmds Info: \pdfdraftmode found.
)
(C:\Users\vseselj\AppData\Roaming\MiKTeX\tex/generic/kvsetkeys\kvsetkeys.sty
Package: kvsetkeys 2019/12/15 v1.18 Key value parser (HO)
)
(C:\Users\vseselj\AppData\Roaming\MiKTeX\tex/generic/kvdefinekeys\kvdefinekeys.
sty
Package: kvdefinekeys 2019-12-19 v1.6 Define keys (HO)
)
(C:\Users\vseselj\AppData\Roaming\MiKTeX\tex/generic/pdfescape\pdfescape.sty
Package: pdfescape 2019/12/09 v1.15 Implements pdfTeX's escape features (HO)
)
(C:\Users\vseselj\AppData\Roaming\MiKTeX\tex/latex/hycolor\hycolor.sty
Package: hycolor 2020-01-27 v1.10 Color options for hyperref/bookmark (HO)
)
(C:\Users\vseselj\AppData\Roaming\MiKTeX\tex/latex/letltxmacro\letltxmacro.sty
Package: letltxmacro 2019/12/03 v1.6 Let assignment for LaTeX macros (HO)
) (C:\Users\vseselj\AppData\Roaming\MiKTeX\tex/latex/auxhook\auxhook.sty
Package: auxhook 2019-12-17 v1.6 Hooks for auxiliary files (HO)
)
(C:\Users\vseselj\AppData\Roaming\MiKTeX\tex/latex/kvoptions\kvoptions.sty
Package: kvoptions 2019/11/29 v3.13 Key value format for package options (HO)
)
\@linkdim=\dimen304
\Hy@linkcounter=\count334
\Hy@pagecounter=\count335

("C:\Program Files\MiKTeX\tex/latex/hyperref\pd1enc.def"
File: pd1enc.def 2020-05-15 v7.00e Hyperref: PDFDocEncoding definition (HO)
)
(C:\Users\vseselj\AppData\Roaming\MiKTeX\tex/generic/intcalc\intcalc.sty
Package: intcalc 2019/12/15 v1.3 Expandable calculations with integers (HO)
)
(C:\Users\vseselj\AppData\Roaming\MiKTeX\tex/generic/etexcmds\etexcmds.sty
Package: etexcmds 2019/12/15 v1.7 Avoid name clashes with e-TeX commands (HO)
)
\Hy@SavedSpaceFactor=\count336
Package hyperref Info: Hyper figures OFF on input line 4464.
Package hyperref Info: Link nesting OFF on input line 4469.
Package hyperref Info: Hyper index ON on input line 4472.
Package hyperref Info: Plain pages OFF on input line 4479.
Package hyperref Info: Backreferencing OFF on input line 4484.
Package hyperref Info: Implicit mode ON; LaTeX internals redefined.
Package hyperref Info: Bookmarks ON on input line 4717.
\c@Hy@tempcnt=\count337

("C:\Program Files\MiKTeX\tex/latex/url\url.sty"
\Urlmuskip=\muskip16
Package: url 2013/09/16  ver 3.4  Verb mode for urls, etc.
)
LaTeX Info: Redefining \url on input line 5076.
\XeTeXLinkMargin=\dimen305

(C:\Users\vseselj\AppData\Roaming\MiKTeX\tex/generic/bitset\bitset.sty
Package: bitset 2019/12/09 v1.3 Handle bit-vector datatype (HO)

(C:\Users\vseselj\AppData\Roaming\MiKTeX\tex/generic/bigintcalc\bigintcalc.sty
Package: bigintcalc 2019/12/15 v1.5 Expandable calculations on big integers (HO
)
))
\Fld@menulength=\count338
\Field@Width=\dimen306
\Fld@charsize=\dimen307
Package hyperref Info: Hyper figures OFF on input line 6347.
Package hyperref Info: Link nesting OFF on input line 6352.
Package hyperref Info: Hyper index ON on input line 6355.
Package hyperref Info: backreferencing OFF on input line 6362.
Package hyperref Info: Link coloring OFF on input line 6367.
Package hyperref Info: Link coloring with OCG OFF on input line 6372.
Package hyperref Info: PDF/A mode OFF on input line 6377.
LaTeX Info: Redefining \ref on input line 6417.
LaTeX Info: Redefining \pageref on input line 6421.
 (C:\Users\vseselj\AppData\Roaming\MiKTeX\tex/generic/atbegshi\atbegshi.sty
Package: atbegshi 2019/12/05 v1.19 At begin shipout hook (HO)
)
\Hy@abspage=\count339
\c@Item=\count340
\c@Hfootnote=\count341
)
Package hyperref Info: Driver (autodetected): hpdftex.

("C:\Program Files\MiKTeX\tex/latex/hyperref\hpdftex.def"
File: hpdftex.def 2020-05-15 v7.00e Hyperref driver for pdfTeX

(C:\Users\vseselj\AppData\Roaming\MiKTeX\tex/latex/atveryend\atveryend.sty
Package: atveryend 2019-12-11 v1.11 Hooks at the very end of document (HO)
)
\Fld@listcount=\count342
\c@bookmark@seq@number=\count343

(C:\Users\vseselj\AppData\Roaming\MiKTeX\tex/latex/rerunfilecheck\rerunfilechec
k.sty
Package: rerunfilecheck 2019/12/05 v1.9 Rerun checks for auxiliary files (HO)

(C:\Users\vseselj\AppData\Roaming\MiKTeX\tex/generic/uniquecounter\uniquecounte
r.sty
Package: uniquecounter 2019/12/15 v1.4 Provide unlimited unique counter (HO)
)
Package uniquecounter Info: New unique counter `rerunfilecheck' on input line 2
86.
)
\Hy@SectionHShift=\skip68
)
Package hyperref Info: Option `colorlinks' set `true' on input line 106.
 ("C:\Program Files\MiKTeX\tex/latex/amsmath\amsmath.sty"
Package: amsmath 2020/01/20 v2.17e AMS math features
\@mathmargin=\skip69

For additional information on amsmath, use the `?' option.
("C:\Program Files\MiKTeX\tex/latex/amsmath\amstext.sty"
Package: amstext 2000/06/29 v2.01 AMS text

("C:\Program Files\MiKTeX\tex/latex/amsmath\amsgen.sty"
File: amsgen.sty 1999/11/30 v2.0 generic functions
\@emptytoks=\toks51
\ex@=\dimen308
))
("C:\Program Files\MiKTeX\tex/latex/amsmath\amsbsy.sty"
Package: amsbsy 1999/11/29 v1.2d Bold Symbols
\pmbraise@=\dimen309
)
("C:\Program Files\MiKTeX\tex/latex/amsmath\amsopn.sty"
Package: amsopn 2016/03/08 v2.02 operator names
)
\inf@bad=\count344
LaTeX Info: Redefining \frac on input line 227.
\uproot@=\count345
\leftroot@=\count346
LaTeX Info: Redefining \overline on input line 389.
\classnum@=\count347
\DOTSCASE@=\count348
LaTeX Info: Redefining \ldots on input line 486.
LaTeX Info: Redefining \dots on input line 489.
LaTeX Info: Redefining \cdots on input line 610.
\Mathstrutbox@=\box98
\strutbox@=\box99
\big@size=\dimen310
LaTeX Font Info:    Redeclaring font encoding OML on input line 733.
LaTeX Font Info:    Redeclaring font encoding OMS on input line 734.
\macc@depth=\count349
\c@MaxMatrixCols=\count350
\dotsspace@=\muskip17
\c@parentequation=\count351
\dspbrk@lvl=\count352
\tag@help=\toks52
\row@=\count353
\column@=\count354
\maxfields@=\count355
\andhelp@=\toks53
\eqnshift@=\dimen311
\alignsep@=\dimen312
\tagshift@=\dimen313
\tagwidth@=\dimen314
\totwidth@=\dimen315
\lineht@=\dimen316
\@envbody=\toks54
\multlinegap=\skip70
\multlinetaggap=\skip71
\mathdisplay@stack=\toks55
LaTeX Info: Redefining \[ on input line 2859.
LaTeX Info: Redefining \] on input line 2860.
)
("C:\Program Files\MiKTeX\tex/latex/amsfonts\amsfonts.sty"
Package: amsfonts 2013/01/14 v3.01 Basic AMSFonts support
\symAMSa=\mathgroup4
\symAMSb=\mathgroup5
LaTeX Font Info:    Redeclaring math symbol \hbar on input line 98.
LaTeX Font Info:    Overwriting math alphabet `\mathfrak' in version `bold'
(Font)                  U/euf/m/n --> U/euf/b/n on input line 106.
)
("C:\Program Files\MiKTeX\tex/latex/amsfonts\amssymb.sty"
Package: amssymb 2013/01/14 v3.01 AMS font symbols
)
(C:\Users\vseselj\AppData\Roaming\MiKTeX\tex/latex/mathtools\mathtools.sty
Package: mathtools 2020/03/24 v1.24 mathematical typesetting tools

("C:\Program Files\MiKTeX\tex/latex/tools\calc.sty"
Package: calc 2017/05/25 v4.3 Infix arithmetic (KKT,FJ)
\calc@Acount=\count356
\calc@Bcount=\count357
\calc@Adimen=\dimen317
\calc@Bdimen=\dimen318
\calc@Askip=\skip72
\calc@Bskip=\skip73
LaTeX Info: Redefining \setlength on input line 80.
LaTeX Info: Redefining \addtolength on input line 81.
\calc@Ccount=\count358
\calc@Cskip=\skip74
)
(C:\Users\vseselj\AppData\Roaming\MiKTeX\tex/latex/mathtools\mhsetup.sty
Package: mhsetup 2017/03/31 v1.3 programming setup (MH)
)
LaTeX Info: Thecontrolsequence`\('isalreadyrobust on input line 130.
LaTeX Info: Thecontrolsequence`\)'isalreadyrobust on input line 130.
LaTeX Info: Thecontrolsequence`\['isalreadyrobust on input line 130.
LaTeX Info: Thecontrolsequence`\]'isalreadyrobust on input line 130.
\g_MT_multlinerow_int=\count359
\l_MT_multwidth_dim=\dimen319
\origjot=\skip75
\l_MT_shortvdotswithinadjustabove_dim=\dimen320
\l_MT_shortvdotswithinadjustbelow_dim=\dimen321
\l_MT_above_intertext_sep=\dimen322
\l_MT_below_intertext_sep=\dimen323
\l_MT_above_shortintertext_sep=\dimen324
\l_MT_below_shortintertext_sep=\dimen325
\xmathstrut@box=\box100
\xmathstrut@dim=\dimen326
)
(C:\Users\vseselj\AppData\Roaming\MiKTeX\tex/latex/cancel\cancel.sty
Package: cancel 2013/04/12 v2.2 Cancel math terms
)
(C:\Users\vseselj\AppData\Roaming\MiKTeX\tex/latex/circuitikz\circuitikz.sty
Package: circuitikz 2020/07/15{} The CircuiTikz circuit drawing package version
 1.2.2

("C:\Program Files\MiKTeX\tex/generic/pgf/libraries\pgflibraryarrows.meta.code.
tex"
File: pgflibraryarrows.meta.code.tex 2020/01/08 v3.1.5b (3.1.5b)
\pgfarrowinset=\dimen327
\pgfarrowlength=\dimen328
\pgfarrowwidth=\dimen329
\pgfarrowlinewidth=\dimen330
)
("C:\Program Files\MiKTeX\tex/generic/pgf/frontendlayer/tikz/libraries\tikzlibr
arybending.code.tex"
File: tikzlibrarybending.code.tex 2020/01/08 v3.1.5b (3.1.5b)

("C:\Program Files\MiKTeX\tex/generic/pgf/modules\pgfmodulebending.code.tex"
File: pgfmodulebending.code.tex 2020/01/08 v3.1.5b (3.1.5b)

("C:\Program Files\MiKTeX\tex/generic/pgf/modules\pgfmodulenonlineartransformat
ions.code.tex"
File: pgfmodulenonlineartransformations.code.tex 2020/01/08 v3.1.5b (3.1.5b)
\pgftransformnonlinearflatness=\dimen331
)
("C:\Program Files\MiKTeX\tex/generic/pgf/libraries\pgflibrarycurvilinear.code.
tex"
File: pgflibrarycurvilinear.code.tex 2020/01/08 v3.1.5b (3.1.5b)
\pgf@curvilinear@time@a=\dimen332
\pgf@curvilinear@length@a=\dimen333
\pgf@curvilinear@length@b=\dimen334
\pgf@curvilinear@length@c=\dimen335
\pgf@curvilinear@length@d=\dimen336
)
\pgf@arrows@the@rigidity=\dimen337
))
("C:\Program Files\MiKTeX\tex/generic/pgf/frontendlayer/tikz/libraries\tikzlibr
aryfpu.code.tex")
(C:\Users\vseselj\AppData\Roaming\MiKTeX\tex/generic/circuitikz\pgfcirc.defines
.tex
\pgf@circ@count@a=\count360
\pgf@circ@count@b=\count361
\pgf@circ@count@c=\count362
\pgf@circ@res@up=\dimen338
\pgf@circ@res@down=\dimen339
\pgf@circ@res@zero=\dimen340
\pgf@circ@res@left=\dimen341
\pgf@circ@res@right=\dimen342
\pgf@circ@res@other=\dimen343
\pgf@circ@res@step=\dimen344
\pgf@circ@res@temp=\dimen345
\pgf@circ@Rlen=\dimen346
\pgf@circ@scaled@Rlen=\dimen347
\pgfstartlinewidth=\dimen348
)
(C:\Users\vseselj\AppData\Roaming\MiKTeX\tex/generic/circuitikz\pgfcircutils.te
x)
(C:\Users\vseselj\AppData\Roaming\MiKTeX\tex/generic/circuitikz\pgfcircshapes.t
ex)
(C:\Users\vseselj\AppData\Roaming\MiKTeX\tex/generic/circuitikz\pgfcircmonopole
s.tex)
(C:\Users\vseselj\AppData\Roaming\MiKTeX\tex/generic/circuitikz\pgfcircbipoles.
tex)
(C:\Users\vseselj\AppData\Roaming\MiKTeX\tex/generic/circuitikz\pgfcirctripoles
.tex
\pgf@circ@res@count=\count363
)
(C:\Users\vseselj\AppData\Roaming\MiKTeX\tex/generic/circuitikz\pgfcircquadpole
s.tex)
(C:\Users\vseselj\AppData\Roaming\MiKTeX\tex/generic/circuitikz\pgfcircmultipol
es.tex)
(C:\Users\vseselj\AppData\Roaming\MiKTeX\tex/generic/circuitikz\pgfcirclabel.te
x)
(C:\Users\vseselj\AppData\Roaming\MiKTeX\tex/generic/circuitikz\pgfcircvoltage.
tex
\pgfcirc@labelshift=\dimen349
)
(C:\Users\vseselj\AppData\Roaming\MiKTeX\tex/generic/circuitikz\pgfcirccurrent.
tex)
(C:\Users\vseselj\AppData\Roaming\MiKTeX\tex/generic/circuitikz\pgfcircflow.tex
)
(C:\Users\vseselj\AppData\Roaming\MiKTeX\tex/generic/circuitikz\pgfcircpath.tex
) (C:\Users\vseselj\AppData\Roaming\MiKTeX\tex/latex/xstring\xstring.sty
(C:\Users\vseselj\AppData\Roaming\MiKTeX\tex/generic/xstring\xstring.tex
\integerpart=\count364
\decimalpart=\count365
)
Package: xstring 2019/02/06 v1.83 String manipulations (CT)
)
(C:\Users\vseselj\AppData\Roaming\MiKTeX\tex/latex/siunitx\siunitx.sty
Package: siunitx 2020/02/25 v2.8b A comprehensive (SI) units package

("C:\Program Files\MiKTeX\tex/latex/l3packages/l3keys2e\l3keys2e.sty"
Package: l3keys2e 2020-05-15 LaTeX2e option processing using LaTeX3 keys
)
\l__siunitx_tmp_box=\box101
\l__siunitx_tmp_dim=\dimen350
\l__siunitx_tmp_int=\count366
\l__siunitx_number_mantissa_length_int=\count367
\l__siunitx_number_uncert_length_int=\count368
\l__siunitx_round_int=\count369
\l__siunitx_process_decimal_int=\count370
\l__siunitx_process_uncertainty_int=\count371
\l__siunitx_process_fixed_int=\count372
\l__siunitx_process_integer_min_int=\count373
\l__siunitx_process_precision_int=\count374
\l__siunitx_group_min_int=\count375
\l__siunitx_angle_marker_box=\box102
\l__siunitx_angle_unit_box=\box103
\l__siunitx_angle_marker_dim=\dimen351
\l__siunitx_angle_unit_dim=\dimen352
\l__siunitx_unit_int=\count376
\l__siunitx_unit_denominator_int=\count377
\l__siunitx_unit_numerator_int=\count378
\l__siunitx_unit_prefix_int=\count379
\l__siunitx_unit_prefix_base_int=\count380
\l__siunitx_unit_prefix_gram_int=\count381
\l__siunitx_number_product_int=\count382
\c__siunitx_one_fill_skip=\skip76
\l__siunitx_table_unit_align_skip=\skip77
\l__siunitx_table_exponent_dim=\dimen353
\l__siunitx_table_integer_dim=\dimen354
\l__siunitx_table_mantissa_dim=\dimen355
\l__siunitx_table_marker_dim=\dimen356
\l__siunitx_table_result_dim=\dimen357
\l__siunitx_table_uncert_dim=\dimen358
\l__siunitx_table_fill_pre_dim=\dimen359
\l__siunitx_table_fill_post_dim=\dimen360
\l__siunitx_table_fill_mid_dim=\dimen361
\l__siunitx_table_pre_box=\box104
\l__siunitx_table_post_box=\box105
\l__siunitx_table_mantissa_box=\box106
\l__siunitx_table_result_box=\box107
\l__siunitx_table_number_align_skip=\skip78
\l__siunitx_table_text_align_skip=\skip79

(C:\Users\vseselj\AppData\Roaming\MiKTeX\tex/latex/translator\translator.sty
Package: translator 2019-05-31 v1.12a Easy translation of strings in LaTeX
))

Package circuitikz Warning: You did not specify one of the voltage directions:
(circuitikz)                  oldvoltagedirection, nooldvoltagedirection, 
(circuitikz)                  RPvoltages or EFvoltages 
(circuitikz)                Default directions may have changed, 
(circuitikz)                please check the manual.

) (C:\Users\vseselj\AppData\Roaming\MiKTeX\tex/latex/mhchem\mhchem.sty
Package: mhchem 2018/06/22 v4.08 for typesetting chemical formulae

(C:\Users\vseselj\AppData\Roaming\MiKTeX\tex/latex/chemgreek\chemgreek.sty
Package: chemgreek 2020/01/16 v1.1a interface for upright Greek letters for use
 in chemistry (CN)
\l__chemgreek_tmpa_int=\count383
\g__chemgreek_tmpa_int=\count384
)
\l__mhchem_ce_distanceFromLastComma_int=\count385
\__mhchem_arrow_extPgfLength_skip=\skip80
\mhchem@minispace@tmp=\skip81
\mhchem@minibackspace@tmp=\skip82
\mhchem@bondwidth=\skip83
\mhchem@bondheight=\skip84
\mhchem@smallbondwidth@tmpA=\skip85
\mhchem@smallbondwidth@tmpB=\skip86
\mhchem@smallbondwidth=\skip87
\mhchem@bondtmp@minussidebearingleft=\skip88
\mhchem@bondtmp@minussidebearingright=\skip89
\l__mhchem_option_version_int=\count386
\mhchem@option@minusmathsidebearingleft=\dimen362
\mhchem@option@minusmathsidebearingright=\dimen363
\mhchem@option@minustextsidebearingleft=\dimen364
\mhchem@option@minustextsidebearingright=\dimen365


Package mhchem Warning: You did not specify a 'version' option for the mhchem
(mhchem)                package. Please write \usepackage[version=4]{mhchem}
(mhchem)                in your preamble (or any lower number for
(mhchem)                compatibility mode), because you might get slightly
(mhchem)                different output with the same input in future versions
.

) (C:\Users\vseselj\AppData\Roaming\MiKTeX\tex/latex/soul\soul.sty
Package: soul 2003/11/17 v2.4 letterspacing/underlining (mf)
\SOUL@word=\toks56
\SOUL@lasttoken=\toks57
\SOUL@cmds=\toks58
\SOUL@buffer=\toks59
\SOUL@token=\toks60
\SOUL@spaceskip=\skip90
\SOUL@ttwidth=\dimen366
\SOUL@uldp=\dimen367
\SOUL@ulht=\dimen368
)
(C:\Users\vseselj\AppData\Roaming\MiKTeX\tex/latex/todonotes\todonotes.sty
Package: todonotes 2019/01/24 v1.1.2 Todonotes source and documentation.
Package: todonotes 2018/11/22

("C:\Program Files\MiKTeX\tex/generic/pgf/frontendlayer/tikz/libraries\tikzlibr
aryshadows.code.tex"
File: tikzlibraryshadows.code.tex 2020/01/08 v3.1.5b (3.1.5b)

("C:\Program Files\MiKTeX\tex/generic/pgf/frontendlayer/tikz/libraries\tikzlibr
aryfadings.code.tex"
File: tikzlibraryfadings.code.tex 2020/01/08 v3.1.5b (3.1.5b)

("C:\Program Files\MiKTeX\tex/generic/pgf/libraries\pgflibraryfadings.code.tex"
File: pgflibraryfadings.code.tex 2020/01/08 v3.1.5b (3.1.5b)
)))
\c@@todonotes@numberoftodonotes=\count387
)
(C:\Users\vseselj\AppData\Roaming\MiKTeX\tex/latex/glossaries/base\glossaries.s
ty
Package: glossaries 2020/03/19 v4.46 (NLCT)
 (C:\Users\vseselj\AppData\Roaming\MiKTeX\tex/latex/mfirstuc\mfirstuc.sty
Package: mfirstuc 2017/11/14 v2.06 (NLCT)
\@glsmfirst=\toks61
\@glsmrest=\toks62
)
(C:\Users\vseselj\AppData\Roaming\MiKTeX\tex/latex/textcase\textcase.sty
Package: textcase 2019/09/14 v1.00 Text only upper/lower case changing (DPC)
)
(C:\Users\vseselj\AppData\Roaming\MiKTeX\tex/latex/xfor\xfor.sty
Package: xfor 2009/02/05 v1.05 (NLCT)
)
(C:\Users\vseselj\AppData\Roaming\MiKTeX\tex/latex/datatool\datatool-base.sty
Package: datatool-base 2019/09/27 v2.32 (NLCT)

(C:\Users\vseselj\AppData\Roaming\MiKTeX\tex/latex/substr\substr.sty
Package: substr 2009/10/20 v1.2 Handle substrings
\c@su@anzahl=\count388
)
(C:\Users\vseselj\AppData\Roaming\MiKTeX\tex/latex/datatool\datatool-fp.sty
Package: datatool-fp 2019/09/27 v2.32 (NLCT)

(C:\Users\vseselj\AppData\Roaming\MiKTeX\tex/latex/fp\fp.sty
Package: fp 1995/04/02

`Fixed Point Package', Version 0.8, April 2, 1995 (C) Michael Mehlich
(C:\Users\vseselj\AppData\Roaming\MiKTeX\tex/latex/fp\defpattern.sty
Package: defpattern 1994/10/12
\actioncount=\count389
)
(C:\Users\vseselj\AppData\Roaming\MiKTeX\tex/latex/fp\fp-basic.sty
Package: fp-basic 1996/05/13
\FP@xs=\count390
\FP@xia=\count391
\FP@xib=\count392
\FP@xfa=\count393
\FP@xfb=\count394
\FP@rega=\count395
\FP@regb=\count396
\FP@regs=\count397
\FP@times=\count398
)
(C:\Users\vseselj\AppData\Roaming\MiKTeX\tex/latex/fp\fp-addons.sty
Package: fp-addons 1995/03/15
)
(C:\Users\vseselj\AppData\Roaming\MiKTeX\tex/latex/fp\fp-snap.sty
Package: fp-snap 1995/04/05
)
(C:\Users\vseselj\AppData\Roaming\MiKTeX\tex/latex/fp\fp-exp.sty
Package: fp-exp 1995/04/03
)
(C:\Users\vseselj\AppData\Roaming\MiKTeX\tex/latex/fp\fp-trigo.sty
Package: fp-trigo 1995/04/14
)
(C:\Users\vseselj\AppData\Roaming\MiKTeX\tex/latex/fp\fp-pas.sty
Package: fp-pas 1994/08/29
)
(C:\Users\vseselj\AppData\Roaming\MiKTeX\tex/latex/fp\fp-random.sty
Package: fp-random 1995/02/23
\FPseed=\count399
)
(C:\Users\vseselj\AppData\Roaming\MiKTeX\tex/latex/fp\fp-eqn.sty
Package: fp-eqn 1995/04/03
)
(C:\Users\vseselj\AppData\Roaming\MiKTeX\tex/latex/fp\fp-upn.sty
Package: fp-upn 1996/10/21
)
(C:\Users\vseselj\AppData\Roaming\MiKTeX\tex/latex/fp\fp-eval.sty
Package: fp-eval 1995/04/03
)))
\@dtl@toks=\toks63
\@dtl@tmpcount=\count400
\dtl@tmplength=\skip91
\dtl@sortresult=\count401
\@dtl@numgrpsepcount=\count402
\@dtl@datatype=\count403
\dtl@codeA=\count404
\dtl@codeB=\count405
\@dtl@foreach@level=\count406
)
(C:\Users\vseselj\AppData\Roaming\MiKTeX\tex/latex/glossaries/base\glossaries-c
ompatible-307.sty
Package: glossaries-compatible-307 2020/03/19 v4.46 (NLCT)
)
(C:\Users\vseselj\AppData\Roaming\MiKTeX\tex/latex/tracklang\tracklang.sty
Package: tracklang 2020/06/30 v1.5 (NLCT) Track Languages

(C:\Users\vseselj\AppData\Roaming\MiKTeX\tex/generic/tracklang\tracklang.tex))
(C:\Users\vseselj\AppData\Roaming\MiKTeX\tex/latex/glossaries-serbian\glossarie
s-serbian.ldf
File: glossaries-serbian.ldf 2014/11/23 v1.0

(C:\Users\vseselj\AppData\Roaming\MiKTeX\tex/latex/glossaries-serbian\glossarie
s-serbian-noenc.ldf))
(C:\Users\vseselj\AppData\Roaming\MiKTeX\tex/latex/glossaries-english\glossarie
s-english.ldf
File: glossaries-english.ldf 2014/11/23 v1.0
)
\gls@level=\count407
\@gls@tmpb=\toks64
\gls@tmplen=\skip92
\glskeylisttok=\toks65
\glslabeltok=\toks66
\glsshorttok=\toks67
\glslongtok=\toks68

(C:\Users\vseselj\AppData\Roaming\MiKTeX\tex/latex/glossaries/styles\glossary-h
ypernav.sty
Package: glossary-hypernav 2020/03/19 v4.46 (NLCT)
)
(C:\Users\vseselj\AppData\Roaming\MiKTeX\tex/latex/glossaries/styles\glossary-l
ist.sty
Package: glossary-list 2020/03/19 v4.46 (NLCT)
\glslistdottedwidth=\skip93
)
(C:\Users\vseselj\AppData\Roaming\MiKTeX\tex/latex/glossaries/styles\glossary-l
ong.sty
Package: glossary-long 2020/03/19 v4.46 (NLCT)
 ("C:\Program Files\MiKTeX\tex/latex/tools\longtable.sty"
Package: longtable 2020/01/07 v4.13 Multi-page Table package (DPC)
\LTleft=\skip94
\LTright=\skip95
\LTpre=\skip96
\LTpost=\skip97
\LTchunksize=\count408
\LTcapwidth=\dimen369
\LT@head=\box108
\LT@firsthead=\box109
\LT@foot=\box110
\LT@lastfoot=\box111
\LT@cols=\count409
\LT@rows=\count410
\c@LT@tables=\count411
\c@LT@chunks=\count412
\LT@p@ftn=\toks69
)
\glsdescwidth=\skip98
\glspagelistwidth=\skip99
)
(C:\Users\vseselj\AppData\Roaming\MiKTeX\tex/latex/glossaries/styles\glossary-s
uper.sty
Package: glossary-super 2020/03/19 v4.46 (NLCT)

(C:\Users\vseselj\AppData\Roaming\MiKTeX\tex/latex/supertabular\supertabular.st
y
Package: supertabular 2020/02/02 v4.1g the supertabular environment
\c@tracingst=\count413
\ST@wd=\dimen370
\ST@rightskip=\skip100
\ST@leftskip=\skip101
\ST@parfillskip=\skip102
\ST@pageleft=\dimen371
\ST@headht=\dimen372
\ST@tailht=\dimen373
\ST@pagesofar=\dimen374
\ST@pboxht=\dimen375
\ST@lineht=\dimen376
\ST@prevht=\dimen377
\ST@toadd=\dimen378
\ST@dimen=\dimen379
\ST@pbox=\box112
))
(C:\Users\vseselj\AppData\Roaming\MiKTeX\tex/latex/glossaries/styles\glossary-t
ree.sty
Package: glossary-tree 2020/03/19 v4.46 (NLCT)
\glstreeindent=\skip103
))
\glswrite=\write7
\glo@main@file=\write8
\openout8 = `main.glo'.

Package glossaries Info: Writing glossary file main.glo on input line 175.
\glo@acronym@file=\write9
\openout9 = `main.acn'.

Package glossaries Info: Writing glossary file main.acn on input line 175.
Package csquotes Info: Checking for multilingual support...
Package csquotes Info: ... found 'babel' package.
Package csquotes Info: Adjusting default style.
Package csquotes Info: Redefining alias 'default' -> 'serbian'.
 (main.aux)
\openout1 = `main.aux'.

LaTeX Font Info:    Checking defaults for OML/cmm/m/it on input line 193.
LaTeX Font Info:    ... okay on input line 193.
LaTeX Font Info:    Checking defaults for OMS/cmsy/m/n on input line 193.
LaTeX Font Info:    ... okay on input line 193.
LaTeX Font Info:    Checking defaults for OT1/cmr/m/n on input line 193.
LaTeX Font Info:    ... okay on input line 193.
LaTeX Font Info:    Checking defaults for T1/cmr/m/n on input line 193.
LaTeX Font Info:    ... okay on input line 193.
LaTeX Font Info:    Checking defaults for TS1/cmr/m/n on input line 193.
LaTeX Font Info:    ... okay on input line 193.
LaTeX Font Info:    Checking defaults for OMX/cmex/m/n on input line 193.
LaTeX Font Info:    ... okay on input line 193.
LaTeX Font Info:    Checking defaults for U/cmr/m/n on input line 193.
LaTeX Font Info:    ... okay on input line 193.
LaTeX Font Info:    Checking defaults for OT2/cmr/m/n on input line 193.
LaTeX Font Info:    Trying to load font information for OT2+cmr on input line 1
93.

(C:\Users\vseselj\AppData\Roaming\MiKTeX\tex/latex/cyrillic\ot2cmr.fd
File: ot2cmr.fd 2001/08/11 v3.2c Computer Modern Cyrillic font definitions
)
LaTeX Font Info:    ... okay on input line 193.
LaTeX Font Info:    Checking defaults for PD1/pdf/m/n on input line 193.
LaTeX Font Info:    ... okay on input line 193.
LaTeX Font Info:    Trying to load font information for OT2+wncyr on input line
 193.

(C:\Users\vseselj\AppData\Roaming\MiKTeX\tex/latex/cyrillic\ot2wncyr.fd
File: ot2wncyr.fd 1999/12/17 v3.2a Computer Modern Cyrillic font definitions
)
*geometry* driver: auto-detecting
*geometry* detected driver: pdftex
*geometry* verbose mode - [ preamble ] result:
* driver: pdftex
* paper: a4paper
* layout: <same size as paper>
* layoutoffset:(h,v)=(0.0pt,0.0pt)
* modes: 
* h-part:(L,W,R)=(78.24507pt, 441.01773pt, 78.24507pt)
* v-part:(T,H,B)=(85.35826pt, 674.33032pt, 85.35826pt)
* \paperwidth=597.50787pt
* \paperheight=845.04684pt
* \textwidth=441.01773pt
* \textheight=674.33032pt
* \oddsidemargin=5.97508pt
* \evensidemargin=5.97508pt
* \topmargin=-18.78552pt
* \headheight=15.0pt
* \headsep=19.8738pt
* \topskip=11.0pt
* \footskip=27.46295pt
* \marginparwidth=56.9055pt
* \marginparsep=7.0pt
* \columnsep=10.0pt
* \skip\footins=10.0pt plus 4.0pt minus 2.0pt
* \hoffset=0.0pt
* \voffset=0.0pt
* \mag=1000
* \@twocolumnfalse
* \@twosidefalse
* \@mparswitchfalse
* \@reversemarginfalse
* (1in=72.27pt=25.4mm, 1cm=28.453pt)

("C:\Program Files\MiKTeX\tex/context/base/mkii\supp-pdf.mkii"
[Loading MPS to PDF converter (version 2006.09.02).]
\scratchcounter=\count414
\scratchdimen=\dimen380
\scratchbox=\box113
\nofMPsegments=\count415
\nofMParguments=\count416
\everyMPshowfont=\toks70
\MPscratchCnt=\count417
\MPscratchDim=\dimen381
\MPnumerator=\count418
\makeMPintoPDFobject=\count419
\everyMPtoPDFconversion=\toks71
) ("C:\Program Files\MiKTeX\tex/latex/epstopdf-pkg\epstopdf-base.sty"
Package: epstopdf-base 2020-01-24 v2.11 Base part for package epstopdf
Package epstopdf-base Info: Redefining graphics rule for `.eps' on input line 4
85.
)
(C:\Users\vseselj\AppData\Roaming\MiKTeX\tex/latex/ucs\ucsencs.def
File: ucsencs.def 2011/01/21 Fixes to fontencodings LGR, T3
)
Package caption Info: Begin \AtBeginDocument code.
Package caption Info: hyperref package is loaded.
Package caption Info: listings package is loaded.
Package caption Info: longtable package is loaded.

(C:\Users\vseselj\AppData\Roaming\MiKTeX\tex/latex/caption\ltcaption.sty
Package: ltcaption 2020/05/30 v1.4b longtable captions (AR)
)
Package caption Info: supertabular package is loaded.
Package caption Info: End \AtBeginDocument code.

ABD: EveryShipout initializing macros

Package pgfplots Warning: running in backwards compatibility mode (unsuitable t
ick labels; missing features). Consider writing \pgfplotsset{compat=1.17} into 
your preamble.
 on input line 193.

\c@lstlisting=\count420
\AtBeginShipoutBox=\box114
Package hyperref Info: Link coloring ON on input line 193.
("C:\Program Files\MiKTeX\tex/latex/hyperref\nameref.sty"
Package: nameref 2019/09/16 v2.46 Cross-referencing by name of section

(C:\Users\vseselj\AppData\Roaming\MiKTeX\tex/latex/refcount\refcount.sty
Package: refcount 2019/12/15 v3.6 Data extraction from label references (HO)
)
(C:\Users\vseselj\AppData\Roaming\MiKTeX\tex/generic/gettitlestring\gettitlestr
ing.sty
Package: gettitlestring 2019/12/15 v1.6 Cleanup title references (HO)
)
\c@section@level=\count421
)
LaTeX Info: Redefining \ref on input line 193.
LaTeX Info: Redefining \pageref on input line 193.
LaTeX Info: Redefining \nameref on input line 193.
 (main.out) (main.out)
\@outlinefile=\write10
\openout10 = `main.out'.


(C:\Users\vseselj\AppData\Roaming\MiKTeX\tex/latex/translator\translator-basic-
dictionary-English.dict
Dictionary: translator-basic-dictionary, Language: English 
)
(C:\Users\vseselj\AppData\Roaming\MiKTeX\tex/latex/siunitx\siunitx-abbreviation
s.cfg
File: siunitx-abbreviations.cfg 2017/11/26 v2.7k siunitx: Abbreviated units
)

Package chemgreek Info: Activating mapping `default' on line 193.

 (main.glsdefs)
LaTeX Font Info:    Trying to load font information for U+msa on input line 193
.
 ("C:\Program Files\MiKTeX\tex/latex/amsfonts\umsa.fd"
File: umsa.fd 2013/01/14 v3.01 AMS symbols A
)
LaTeX Font Info:    Trying to load font information for U+msb on input line 193
.

("C:\Program Files\MiKTeX\tex/latex/amsfonts\umsb.fd"
File: umsb.fd 2013/01/14 v3.01 AMS symbols B
) [1

\openout7 = `main.ist'.

{C:/Users/vseselj/AppData/Local/MiKTeX/pdftex/config/pdftex.map}] [2

] (main.toc)
\tf@toc=\write11
\openout11 = `main.toc'.

 [3

]
Underfull \hbox (badness 10000) in paragraph at lines 241--246

 []

[4

] [5]
Glava 1.

Package xcolor Warning: Incompatible color definition on input line 247.

LaTeX Font Info:    Trying to load font information for TS1+wncyr on input line
 259.
LaTeX Font Info:    No file TS1wncyr.fd. on input line 259.

LaTeX Font Warning: Font shape `TS1/wncyr/m/n' undefined
(Font)              using `TS1/cmr/m/n' instead
(Font)              for symbol `textbullet' on input line 259.

LaTeX Font Info:    Trying to load font information for OT1+wncyr on input line
 263.
LaTeX Font Info:    No file OT1wncyr.fd. on input line 263.

LaTeX Font Warning: Font shape `OT1/wncyr/m/n' undefined
(Font)              using `OT1/cmr/m/n' instead
(Font)              for symbol `quotedblbase' on input line 263.

[6

] [7]
<res/10filterbank.png, id=264, 875.1897pt x 411.2163pt>
File: res/10filterbank.png Graphic file (type png)
<use res/10filterbank.png>
Package pdftex.def Info: res/10filterbank.png  used on input line 318.
(pdftex.def)             Requested size: 437.59378pt x 205.60764pt.


LaTeX Warning: `!h' float specifier changed to `!ht'.


Package hyperref Warning: Token not allowed in a PDF string (PDFDocEncoding):
(hyperref)                removing `\acrshort' on input line 323.

[8] [9 <./res/10filterbank.png>]
<res/audio_sig.png, id=298, 462.528pt x 344.0052pt>
File: res/audio_sig.png Graphic file (type png)
<use res/audio_sig.png>
Package pdftex.def Info: res/audio_sig.png  used on input line 358.
(pdftex.def)             Requested size: 170.71628pt x 113.81076pt.
<res/cep1.png, id=299, 462.528pt x 344.0052pt>
File: res/cep1.png Graphic file (type png)
<use res/cep1.png>
Package pdftex.def Info: res/cep1.png  used on input line 367.
(pdftex.def)             Requested size: 199.17252pt x 128.0358pt.
<res/Dcep1.png, id=302, 462.528pt x 344.0052pt>
File: res/Dcep1.png Graphic file (type png)
<use res/Dcep1.png>
Package pdftex.def Info: res/Dcep1.png  used on input line 374.
(pdftex.def)             Requested size: 199.17252pt x 128.0358pt.
<res/cep6.png, id=305, 462.528pt x 344.0052pt>
File: res/cep6.png Graphic file (type png)
<use res/cep6.png>
Package pdftex.def Info: res/cep6.png  used on input line 383.
(pdftex.def)             Requested size: 199.17252pt x 128.0358pt.
<res/Dcep6.png, id=308, 462.528pt x 344.0052pt>
File: res/Dcep6.png Graphic file (type png)
<use res/Dcep6.png>
Package pdftex.def Info: res/Dcep6.png  used on input line 390.
(pdftex.def)             Requested size: 199.17252pt x 128.0358pt.
<res/cep12.png, id=311, 462.528pt x 344.0052pt>
File: res/cep12.png Graphic file (type png)
<use res/cep12.png>
Package pdftex.def Info: res/cep12.png  used on input line 399.
(pdftex.def)             Requested size: 199.17252pt x 128.0358pt.
<res/Dcep12.png, id=314, 462.528pt x 344.0052pt>
File: res/Dcep12.png Graphic file (type png)
<use res/Dcep12.png>
Package pdftex.def Info: res/Dcep12.png  used on input line 406.
(pdftex.def)             Requested size: 199.17252pt x 128.0358pt.
Package hyperref Info: bookmark level for unknown subfigure defaults to 0 on in
put line 411.


LaTeX Warning: `!h' float specifier changed to `!ht'.


LaTeX Warning: `!h' float specifier changed to `!ht'.

[10]

LaTeX Warning: Text page 11 contains only floats.

[11 <./res/audio_sig.png> <./res/cep1.png> <./res/Dcep1.png> <./res/cep6.png> <
./res/Dcep6.png> <./res/cep12.png> <./res/Dcep12.png>]
Glava 2.

Package xcolor Warning: Incompatible color definition on input line 415.

<res/haar_kernels.png, id=346, 355.3275pt x 213.79875pt>
File: res/haar_kernels.png Graphic file (type png)
<use res/haar_kernels.png>
Package pdftex.def Info: res/haar_kernels.png  used on input line 426.
(pdftex.def)             Requested size: 142.12846pt x 85.51797pt.
LaTeX Font Info:    Trying to load font information for T1+wncyr on input line 
431.
LaTeX Font Info:    No file T1wncyr.fd. on input line 431.

LaTeX Font Warning: Font shape `T1/wncyr/m/n' undefined
(Font)              using `T1/cmr/m/n' instead on input line 431.

LaTeX Font Info:    Trying to load font information for T1+cmtt on input line 4
31.
("C:\Program Files\MiKTeX\tex/latex/base\t1cmtt.fd"
File: t1cmtt.fd 2019/12/16 v2.5j Standard LaTeX font definitions
)
<res/haar_features.png, id=351, 335.2525pt x 203.76125pt>
File: res/haar_features.png Graphic file (type png)
<use res/haar_features.png>
Package pdftex.def Info: res/haar_features.png  used on input line 435.
(pdftex.def)             Requested size: 201.15305pt x 122.25768pt.
<res/168.jpg, id=358, 855.195pt x 481.8pt>
File: res/168.jpg Graphic file (type jpg)
<use res/168.jpg>
Package pdftex.def Info: res/168.jpg  used on input line 448.
(pdftex.def)             Requested size: 179.59625pt x 101.18098pt.
<res/169.jpg, id=359, 855.195pt x 481.8pt>
File: res/169.jpg Graphic file (type jpg)
<use res/169.jpg>
Package pdftex.def Info: res/169.jpg  used on input line 455.
(pdftex.def)             Requested size: 179.59625pt x 101.18098pt.
<res/170.jpg, id=360, 855.195pt x 481.8pt>
File: res/170.jpg Graphic file (type jpg)
<use res/170.jpg>
Package pdftex.def Info: res/170.jpg  used on input line 464.
(pdftex.def)             Requested size: 179.59625pt x 101.18098pt.
<res/171.jpg, id=361, 855.195pt x 481.8pt>
File: res/171.jpg Graphic file (type jpg)
<use res/171.jpg>
Package pdftex.def Info: res/171.jpg  used on input line 471.
(pdftex.def)             Requested size: 179.59625pt x 101.18098pt.
 [12

 <./res/haar_kernels.png>] [13 <./res/haar_features.png (PNG copy)>]
<res/facial_landmarks_68markup.jpg, id=389, 770.88pt x 621.32124pt>
File: res/facial_landmarks_68markup.jpg Graphic file (type jpg)
<use res/facial_landmarks_68markup.jpg>
Package pdftex.def Info: res/facial_landmarks_68markup.jpg  used on input line 
485.
(pdftex.def)             Requested size: 192.71953pt x 155.32993pt.
<res/168lm.jpg, id=393, 855.195pt x 481.8pt>
File: res/168lm.jpg Graphic file (type jpg)
<use res/168lm.jpg>
Package pdftex.def Info: res/168lm.jpg  used on input line 496.
(pdftex.def)             Requested size: 128.27371pt x 72.26688pt.
<res/169lm.jpg, id=394, 855.195pt x 481.8pt>
File: res/169lm.jpg Graphic file (type jpg)
<use res/169lm.jpg>
Package pdftex.def Info: res/169lm.jpg  used on input line 503.
(pdftex.def)             Requested size: 128.27371pt x 72.26688pt.
<res/170lm.jpg, id=395, 855.195pt x 481.8pt>
File: res/170lm.jpg Graphic file (type jpg)
<use res/170lm.jpg>
Package pdftex.def Info: res/170lm.jpg  used on input line 512.
(pdftex.def)             Requested size: 128.27371pt x 72.26688pt.
<res/171lm.jpg, id=396, 855.195pt x 481.8pt>
File: res/171lm.jpg Graphic file (type jpg)
<use res/171lm.jpg>
Package pdftex.def Info: res/171lm.jpg  used on input line 519.
(pdftex.def)             Requested size: 128.27371pt x 72.26688pt.
 [14 <./res/168.jpg> <./res/169.jpg> <./res/170.jpg> <./res/171.jpg>] [15 <./re
s/facial_landmarks_68markup.jpg> <./res/168lm.jpg> <./res/169lm.jpg> <./res/170
lm.jpg> <./res/171lm.jpg>]

Package hyperref Warning: Token not allowed in a PDF string (PDFDocEncoding):
(hyperref)                removing `math shift' on input line 528.


Package hyperref Warning: Token not allowed in a PDF string (PDFDocEncoding):
(hyperref)                removing `math shift' on input line 528.

<res/Scan3DMM.png, id=441, 405.31425pt x 114.4275pt>
File: res/Scan3DMM.png Graphic file (type png)
<use res/Scan3DMM.png>
Package pdftex.def Info: res/Scan3DMM.png  used on input line 543.
(pdftex.def)             Requested size: 283.71803pt x 80.0987pt.
[16]
<res/168_3D.jpg, id=464, 436.69531pt x 246.02553pt>
File: res/168_3D.jpg Graphic file (type jpg)
<use res/168_3D.jpg>
Package pdftex.def Info: res/168_3D.jpg  used on input line 557.
(pdftex.def)             Requested size: 131.0096pt x 73.80821pt.
<res/169_3D.jpg, id=465, 436.69531pt x 246.02553pt>
File: res/169_3D.jpg Graphic file (type jpg)
<use res/169_3D.jpg>
Package pdftex.def Info: res/169_3D.jpg  used on input line 564.
(pdftex.def)             Requested size: 131.0096pt x 73.80821pt.
<res/170_3D.jpg, id=466, 436.69531pt x 246.02553pt>
File: res/170_3D.jpg Graphic file (type jpg)
<use res/170_3D.jpg>
Package pdftex.def Info: res/170_3D.jpg  used on input line 573.
(pdftex.def)             Requested size: 131.0096pt x 73.80821pt.
<res/171_3D.jpg, id=467, 436.69531pt x 246.02553pt>
File: res/171_3D.jpg Graphic file (type jpg)
<use res/171_3D.jpg>
Package pdftex.def Info: res/171_3D.jpg  used on input line 580.
(pdftex.def)             Requested size: 131.0096pt x 73.80821pt.

Underfull \hbox (badness 5862) in paragraph at lines 585--585
[]\OT2/wncyr/m/n/10.95 Slika 2.7: |Pri-kaz ge-ne-ri-sa-nih $\OT1/wncyr/m/n/10.9
5 3\OML/cmm/m/it/10.95 D$ \OT2/wncyr/m/n/10.95 mo-de-la li-ca iz frej-mo-vi-ma 
vi-dea
 []

<res/verteksi.png, id=469, 965.5272pt x 508.0581pt>
File: res/verteksi.png Graphic file (type png)
<use res/verteksi.png>
Package pdftex.def Info: res/verteksi.png  used on input line 642.
(pdftex.def)             Requested size: 434.48323pt x 228.62402pt.
[17 <./res/Scan3DMM.png> <./res/168_3D.jpg> <./res/169_3D.jpg> <./res/170_3D.jp
g> <./res/171_3D.jpg>] [18 <./res/verteksi.png>]
Glava 3.

Package xcolor Warning: Incompatible color definition on input line 647.

LaTeX Font Info:    Trying to load font information for U+euf on input line 752
.
("C:\Program Files\MiKTeX\tex/latex/amsfonts\ueuf.fd"
File: ueuf.fd 2013/01/14 v3.01 Euler Fraktur
) [19

] [20] [21] [22]
[23]
Overfull \hbox (0.89816pt too wide) in paragraph at lines 911--912
[]\OT2/wncyr/m/n/10.95 Najuspeshnija ar-hi-tek-tu-ra re-ku-renn-tih ne-u-ral-ni
h mrez-ha ko-ja pre-va-zi-la-zi pro-
 []


Overfull \hbox (3.1079pt too wide) in paragraph at lines 911--912
\OT2/wncyr/m/n/10.95 uvo-di ar-hi-tek-tu-ru bi-di-rek-ci-o-nih re-ku-rent-nih n
e-u-ral-nih mrez-ha (eng. [][][]$\OML/cmm/m/it/10.95 Bidirectional$
 []

[24]

Package hyperref Warning: Token not allowed in a PDF string (PDFDocEncoding):
(hyperref)                removing `math shift' on input line 912.


Package hyperref Warning: Token not allowed in a PDF string (PDFDocEncoding):
(hyperref)                removing `math shift' on input line 912.

LaTeX Font Info:    Trying to load font information for OT2+wncyss on input lin
e 968.
(C:\Users\vseselj\AppData\Roaming\MiKTeX\tex/latex/cyrillic\ot2wncyss.fd
File: ot2wncyss.fd 1999/12/17 v3.2a Computer Modern Cyrillic font definitions
)
Overfull \hbox (3.05922pt too wide) in paragraph at lines 915--1024
[]|   [] 
 []


Underfull \hbox (badness 10000) in paragraph at lines 913--1029

 []

[25] [26]

Package hyperref Warning: Token not allowed in a PDF string (PDFDocEncoding):
(hyperref)                removing `math shift' on input line 1387.


Package hyperref Warning: Token not allowed in a PDF string (PDFDocEncoding):
(hyperref)                removing `math shift' on input line 1387.

[27] [28]
Glava 4.

Package xcolor Warning: Incompatible color definition on input line 1421.


Package hyperref Warning: Token not allowed in a PDF string (PDFDocEncoding):
(hyperref)                removing `math shift' on input line 1427.


Package hyperref Warning: Token not allowed in a PDF string (PDFDocEncoding):
(hyperref)                removing `math shift' on input line 1427.

[29

]
<res/SingleLayerLSTM_30units_train.png, id=679, 462.528pt x 346.896pt>
File: res/SingleLayerLSTM_30units_train.png Graphic file (type png)
<use res/SingleLayerLSTM_30units_train.png>
Package pdftex.def Info: res/SingleLayerLSTM_30units_train.png  used on input l
ine 1434.
(pdftex.def)             Requested size: 208.13567pt x 156.10175pt.
<res/SingleLayerLSTM_30units_validation.png, id=682, 462.528pt x 346.896pt>
File: res/SingleLayerLSTM_30units_validation.png Graphic file (type png)
<use res/SingleLayerLSTM_30units_validation.png>
Package pdftex.def Info: res/SingleLayerLSTM_30units_validation.png  used on in
put line 1441.
(pdftex.def)             Requested size: 208.13567pt x 156.10175pt.
<res/SingleLayerLSTM_60units_train.png, id=687, 462.528pt x 346.896pt>
File: res/SingleLayerLSTM_60units_train.png Graphic file (type png)
<use res/SingleLayerLSTM_60units_train.png>
Package pdftex.def Info: res/SingleLayerLSTM_60units_train.png  used on input l
ine 1453.
(pdftex.def)             Requested size: 208.13567pt x 156.10175pt.
<res/SingleLayerLSTM_60units_validation.png, id=690, 462.528pt x 346.896pt>
File: res/SingleLayerLSTM_60units_validation.png Graphic file (type png)
<use res/SingleLayerLSTM_60units_validation.png>
Package pdftex.def Info: res/SingleLayerLSTM_60units_validation.png  used on in
put line 1460.
(pdftex.def)             Requested size: 208.13567pt x 156.10175pt.
<res/SingleLayerLSTM_90units_train.png, id=695, 462.528pt x 346.896pt>
File: res/SingleLayerLSTM_90units_train.png Graphic file (type png)
<use res/SingleLayerLSTM_90units_train.png>
Package pdftex.def Info: res/SingleLayerLSTM_90units_train.png  used on input l
ine 1472.
(pdftex.def)             Requested size: 208.13567pt x 156.10175pt.
<res/SingleLayerLSTM_90units_validation.png, id=698, 462.528pt x 346.896pt>
File: res/SingleLayerLSTM_90units_validation.png Graphic file (type png)
<use res/SingleLayerLSTM_90units_validation.png>
Package pdftex.def Info: res/SingleLayerLSTM_90units_validation.png  used on in
put line 1479.
(pdftex.def)             Requested size: 208.13567pt x 156.10175pt.
 [30 <./res/SingleLayerLSTM_30units_train.png> <./res/SingleLayerLSTM_30units_v
alidation.png> <./res/SingleLayerLSTM_60units_train.png> <./res/SingleLayerLSTM
_60units_validation.png> <./res/SingleLayerLSTM_90units_train.png> <./res/Singl
eLayerLSTM_90units_validation.png>]
<res/SingleLayerLSTM_120units_train.png, id=716, 462.528pt x 346.896pt>
File: res/SingleLayerLSTM_120units_train.png Graphic file (type png)
<use res/SingleLayerLSTM_120units_train.png>
Package pdftex.def Info: res/SingleLayerLSTM_120units_train.png  used on input 
line 1492.
(pdftex.def)             Requested size: 208.13567pt x 156.10175pt.
<res/SingleLayerLSTM_120units_validation.png, id=719, 462.528pt x 346.896pt>
File: res/SingleLayerLSTM_120units_validation.png Graphic file (type png)
<use res/SingleLayerLSTM_120units_validation.png>
Package pdftex.def Info: res/SingleLayerLSTM_120units_validation.png  used on i
nput line 1499.
(pdftex.def)             Requested size: 208.13567pt x 156.10175pt.
<res/SingleLayerLSTM_150units_train.png, id=724, 462.528pt x 346.896pt>
File: res/SingleLayerLSTM_150units_train.png Graphic file (type png)
<use res/SingleLayerLSTM_150units_train.png>
Package pdftex.def Info: res/SingleLayerLSTM_150units_train.png  used on input 
line 1511.
(pdftex.def)             Requested size: 208.13567pt x 156.10175pt.
<res/SingleLayerLSTM_150units_validation.png, id=727, 462.528pt x 346.896pt>
File: res/SingleLayerLSTM_150units_validation.png Graphic file (type png)
<use res/SingleLayerLSTM_150units_validation.png>
Package pdftex.def Info: res/SingleLayerLSTM_150units_validation.png  used on i
nput line 1518.
(pdftex.def)             Requested size: 208.13567pt x 156.10175pt.


Package hyperref Warning: Token not allowed in a PDF string (PDFDocEncoding):
(hyperref)                removing `math shift' on input line 1526.


Package hyperref Warning: Token not allowed in a PDF string (PDFDocEncoding):
(hyperref)                removing `math shift' on input line 1526.

[31 <./res/SingleLayerLSTM_120units_train.png> <./res/SingleLayerLSTM_120units_
validation.png> <./res/SingleLayerLSTM_150units_train.png> <./res/SingleLayerLS
TM_150units_validation.png>]
<res/SL_BLSTM_30units_d00_train.png, id=746, 462.528pt x 346.896pt>
File: res/SL_BLSTM_30units_d00_train.png Graphic file (type png)
<use res/SL_BLSTM_30units_d00_train.png>
Package pdftex.def Info: res/SL_BLSTM_30units_d00_train.png  used on input line
 1533.
(pdftex.def)             Requested size: 208.13567pt x 156.10175pt.
<res/SL_BLSTM_30units_d00_validation.png, id=749, 462.528pt x 346.896pt>
File: res/SL_BLSTM_30units_d00_validation.png Graphic file (type png)
<use res/SL_BLSTM_30units_d00_validation.png>
Package pdftex.def Info: res/SL_BLSTM_30units_d00_validation.png  used on input
 line 1540.
(pdftex.def)             Requested size: 208.13567pt x 156.10175pt.
<res/SL_BLSTM_60units_d00_train.png, id=754, 462.528pt x 346.896pt>
File: res/SL_BLSTM_60units_d00_train.png Graphic file (type png)
<use res/SL_BLSTM_60units_d00_train.png>
Package pdftex.def Info: res/SL_BLSTM_60units_d00_train.png  used on input line
 1552.
(pdftex.def)             Requested size: 208.13567pt x 156.10175pt.
<res/SL_BLSTM_60units_d00_validation.png, id=757, 462.528pt x 346.896pt>
File: res/SL_BLSTM_60units_d00_validation.png Graphic file (type png)
<use res/SL_BLSTM_60units_d00_validation.png>
Package pdftex.def Info: res/SL_BLSTM_60units_d00_validation.png  used on input
 line 1559.
(pdftex.def)             Requested size: 208.13567pt x 156.10175pt.
<res/SL_BLSTM_90units_d00_train.png, id=762, 462.528pt x 346.896pt>
File: res/SL_BLSTM_90units_d00_train.png Graphic file (type png)
<use res/SL_BLSTM_90units_d00_train.png>
Package pdftex.def Info: res/SL_BLSTM_90units_d00_train.png  used on input line
 1571.
(pdftex.def)             Requested size: 208.13567pt x 156.10175pt.
<res/SL_BLSTM_90units_d00_validation.png, id=765, 462.528pt x 346.896pt>
File: res/SL_BLSTM_90units_d00_validation.png Graphic file (type png)
<use res/SL_BLSTM_90units_d00_validation.png>
Package pdftex.def Info: res/SL_BLSTM_90units_d00_validation.png  used on input
 line 1578.
(pdftex.def)             Requested size: 208.13567pt x 156.10175pt.
 [32 <./res/SL_BLSTM_30units_d00_train.png> <./res/SL_BLSTM_30units_d00_validat
ion.png> <./res/SL_BLSTM_60units_d00_train.png> <./res/SL_BLSTM_60units_d00_val
idation.png> <./res/SL_BLSTM_90units_d00_train.png> <./res/SL_BLSTM_90units_d00
_validation.png>]
<res/SL_BLSTM_120units_d00_train.png, id=783, 462.528pt x 346.896pt>
File: res/SL_BLSTM_120units_d00_train.png Graphic file (type png)
<use res/SL_BLSTM_120units_d00_train.png>
Package pdftex.def Info: res/SL_BLSTM_120units_d00_train.png  used on input lin
e 1591.
(pdftex.def)             Requested size: 208.13567pt x 156.10175pt.
<res/SL_BLSTM_120units_d00_validation.png, id=786, 462.528pt x 346.896pt>
File: res/SL_BLSTM_120units_d00_validation.png Graphic file (type png)
<use res/SL_BLSTM_120units_d00_validation.png>
Package pdftex.def Info: res/SL_BLSTM_120units_d00_validation.png  used on inpu
t line 1598.
(pdftex.def)             Requested size: 208.13567pt x 156.10175pt.
<res/SL_BLSTM_150units_d00_train.png, id=791, 462.528pt x 346.896pt>
File: res/SL_BLSTM_150units_d00_train.png Graphic file (type png)
<use res/SL_BLSTM_150units_d00_train.png>
Package pdftex.def Info: res/SL_BLSTM_150units_d00_train.png  used on input lin
e 1610.
(pdftex.def)             Requested size: 208.13567pt x 156.10175pt.
<res/SL_BLSTM_150units_d00_validation.png, id=794, 462.528pt x 346.896pt>
File: res/SL_BLSTM_150units_d00_validation.png Graphic file (type png)
<use res/SL_BLSTM_150units_d00_validation.png>
Package pdftex.def Info: res/SL_BLSTM_150units_d00_validation.png  used on inpu
t line 1617.
(pdftex.def)             Requested size: 208.13567pt x 156.10175pt.
 [33 <./res/SL_BLSTM_120units_d00_train.png> <./res/SL_BLSTM_120units_d00_valid
ation.png> <./res/SL_BLSTM_150units_d00_train.png> <./res/SL_BLSTM_150units_d00
_validation.png>]
<res/SL_BLSTM_30units_d01_train.png, id=815, 462.528pt x 346.896pt>
File: res/SL_BLSTM_30units_d01_train.png Graphic file (type png)
<use res/SL_BLSTM_30units_d01_train.png>
Package pdftex.def Info: res/SL_BLSTM_30units_d01_train.png  used on input line
 1631.
(pdftex.def)             Requested size: 198.88315pt x 149.16237pt.
<res/SL_BLSTM_30units_d01_validation.png, id=818, 462.528pt x 346.896pt>
File: res/SL_BLSTM_30units_d01_validation.png Graphic file (type png)
<use res/SL_BLSTM_30units_d01_validation.png>
Package pdftex.def Info: res/SL_BLSTM_30units_d01_validation.png  used on input
 line 1638.
(pdftex.def)             Requested size: 198.88315pt x 149.16237pt.
<res/SL_BLSTM_60units_d01_train.png, id=823, 462.528pt x 346.896pt>
File: res/SL_BLSTM_60units_d01_train.png Graphic file (type png)
<use res/SL_BLSTM_60units_d01_train.png>
Package pdftex.def Info: res/SL_BLSTM_60units_d01_train.png  used on input line
 1650.
(pdftex.def)             Requested size: 198.88315pt x 149.16237pt.
<res/SL_BLSTM_60units_d01_validation.png, id=826, 462.528pt x 346.896pt>
File: res/SL_BLSTM_60units_d01_validation.png Graphic file (type png)
<use res/SL_BLSTM_60units_d01_validation.png>
Package pdftex.def Info: res/SL_BLSTM_60units_d01_validation.png  used on input
 line 1657.
(pdftex.def)             Requested size: 198.88315pt x 149.16237pt.
<res/SL_BLSTM_90units_d01_train.png, id=831, 462.528pt x 346.896pt>
File: res/SL_BLSTM_90units_d01_train.png Graphic file (type png)
<use res/SL_BLSTM_90units_d01_train.png>
Package pdftex.def Info: res/SL_BLSTM_90units_d01_train.png  used on input line
 1669.
(pdftex.def)             Requested size: 198.88315pt x 149.16237pt.
<res/SL_BLSTM_90units_d01_validation.png, id=834, 462.528pt x 346.896pt>
File: res/SL_BLSTM_90units_d01_validation.png Graphic file (type png)
<use res/SL_BLSTM_90units_d01_validation.png>
Package pdftex.def Info: res/SL_BLSTM_90units_d01_validation.png  used on input
 line 1676.
(pdftex.def)             Requested size: 198.88315pt x 149.16237pt.
 [34 <./res/SL_BLSTM_30units_d01_train.png> <./res/SL_BLSTM_30units_d01_validat
ion.png> <./res/SL_BLSTM_60units_d01_train.png> <./res/SL_BLSTM_60units_d01_val
idation.png> <./res/SL_BLSTM_90units_d01_train.png> <./res/SL_BLSTM_90units_d01
_validation.png>]
<res/SL_BLSTM_120units_d01_train.png, id=852, 462.528pt x 346.896pt>
File: res/SL_BLSTM_120units_d01_train.png Graphic file (type png)
<use res/SL_BLSTM_120units_d01_train.png>
Package pdftex.def Info: res/SL_BLSTM_120units_d01_train.png  used on input lin
e 1689.
(pdftex.def)             Requested size: 198.88315pt x 149.16237pt.
<res/SL_BLSTM_120units_d01_validation.png, id=855, 462.528pt x 346.896pt>
File: res/SL_BLSTM_120units_d01_validation.png Graphic file (type png)
<use res/SL_BLSTM_120units_d01_validation.png>
Package pdftex.def Info: res/SL_BLSTM_120units_d01_validation.png  used on inpu
t line 1696.
(pdftex.def)             Requested size: 198.88315pt x 149.16237pt.
<res/SL_BLSTM_150units_d01_train.png, id=860, 462.528pt x 346.896pt>
File: res/SL_BLSTM_150units_d01_train.png Graphic file (type png)
<use res/SL_BLSTM_150units_d01_train.png>
Package pdftex.def Info: res/SL_BLSTM_150units_d01_train.png  used on input lin
e 1708.
(pdftex.def)             Requested size: 198.88315pt x 149.16237pt.
<res/SL_BLSTM_150units_d01_validation.png, id=863, 462.528pt x 346.896pt>
File: res/SL_BLSTM_150units_d01_validation.png Graphic file (type png)
<use res/SL_BLSTM_150units_d01_validation.png>
Package pdftex.def Info: res/SL_BLSTM_150units_d01_validation.png  used on inpu
t line 1715.
(pdftex.def)             Requested size: 198.88315pt x 149.16237pt.
[35 <./res/SL_BLSTM_120units_d01_train.png> <./res/SL_BLSTM_120units_d01_valida
tion.png> <./res/SL_BLSTM_150units_d01_train.png> <./res/SL_BLSTM_150units_d01_
validation.png>]
Glava 5.

Package xcolor Warning: Incompatible color definition on input line 1724.

[36

]
Glava 6.

Package xcolor Warning: Incompatible color definition on input line 1728.

[37

]
Underfull \hbox (badness 10000) in paragraph at lines 1749--1750
[][][]$\T1/cmtt/m/n/10.95 http : / / practicalcryptography . com / miscellaneou
s / machine-[]learning /
 []

(C:\Users\vseselj\AppData\Roaming\MiKTeX\tex/latex/ucs\uni-32.def
File: uni-32.def 2013/05/13 UCS: Unicode data U+2000..U+20FF
) [38

]
(C:\Users\vseselj\AppData\Roaming\MiKTeX\tex/latex/ucs\uni-0.def
File: uni-0.def 2013/05/13 UCS: Unicode data U+0000..U+00FF
)
Overfull \hbox (44.38676pt too wide) in paragraph at lines 1823--1824
[][][]$\T1/cmtt/m/n/10.95 https : / / machinelearningmastery . com / dropout-[]
for-[]regularizing-[]deep-[]neural-[]networks/$[][] 
 []

[39] (main.lof
Overfull \hbox (13.16385pt too wide) in paragraph at lines 21--21
 \OT2/wncyr/m/n/10.95 vi-dea $\OML/cmm/m/it/10.95 Weekly Address$\OT2/wncyr/m/n
/10.95 : $\OML/cmm/m/it/10.95 A Balanced Approach to Growing the Economy in \OT
1/wncyr/m/n/10.95 2013$[][] [][]  
 []


Overfull \hbox (27.16856pt too wide) in paragraph at lines 27--27
 [][] [][][]\OT2/wncyr/m/n/10.95 Prikaz ge-ne-ri-sa-nih $\OT1/wncyr/m/n/10.95 3
\OML/cmm/m/it/10.95 D$ \OT2/wncyr/m/n/10.95 mo-de-la li-ca iz frej-mo-vi-ma vi-
dea $\OML/cmm/m/it/10.95 Weekly Address$\OT2/wncyr/m/n/10.95 : 
 []

[40

] [41])
\tf@lof=\write12
\openout12 = `main.lof'.

 [42] (main.lot)
\tf@lot=\write13
\openout13 = `main.lot'.

 [43

] (main.acr) [44


]
Package atveryend Info: Empty hook `BeforeClearDocument' on input line 1837.
Package atveryend Info: Empty hook `AfterLastShipout' on input line 1837.
 (main.aux)
Package atveryend Info: Executing hook `AtVeryEndDocument' on input line 1837.
Package atveryend Info: Executing hook `AtEndAfterFileList' on input line 1837.

Package rerunfilecheck Info: File `main.out' has not changed.
(rerunfilecheck)             Checksum: 1C795B1DAC5B7A9E1EB4682F7EB35A5F;1889.


LaTeX Font Warning: Some font shapes were not available, defaults substituted.

 ) 
Here is how much of TeX's memory you used:
 65243 strings out of 481212
 1580588 string characters out of 2915721
 2297005 words of memory out of 3000000
 79430 multiletter control sequences out of 15000+200000
 573594 words of font info for 167 fonts, out of 3000000 for 9000
 1141 hyphenation exceptions out of 8191
 68i,21n,98p,1757b,1164s stack positions out of 5000i,500n,10000p,200000b,50000s
pdfTeX warning (dest): name{Hfootnote.9} has been referenced but does not exi
st, replaced by a fixed one

pdfTeX warning (dest): name{Hfootnote.8} has been referenced but does not exist
, replaced by a fixed one

 <C:\Users\vseselj\AppData\Local\MiKTeX\fonts/pk/ljfour/jknappen/ec/dpi600\ectt
1095.pk> <C:\Users\vseselj\AppData\Local\MiKTeX\fonts/pk/ljfour/jknappen/ec/dpi
600\ecrm1095.pk> <C:\Users\vseselj\AppData\Local\MiKTeX\fonts/pk/ljfour/jknappe
n/ec/dpi600\ectt0900.pk> <C:\Users\vseselj\AppData\Local\MiKTeX\fonts/pk/ljfour
/jknappen/ec/dpi600\tcrm1095.pk><C:/Program Files/MiKTeX/fonts/type1/public/ams
fonts/cm/cmbsy10.pfb><C:/Program Files/MiKTeX/fonts/type1/public/amsfonts/cmext
ra/cmbsy8.pfb><C:/Program Files/MiKTeX/fonts/type1/public/amsfonts/cm/cmbx10.pf
b><C:/Program Files/MiKTeX/fonts/type1/public/amsfonts/cm/cmbx12.pfb><C:/Progra
m Files/MiKTeX/fonts/type1/public/amsfonts/cm/cmbx8.pfb><C:/Program Files/MiKTe
X/fonts/type1/public/amsfonts/cm/cmex10.pfb><C:/Program Files/MiKTeX/fonts/type
1/public/amsfonts/cm/cmmi10.pfb><C:/Program Files/MiKTeX/fonts/type1/public/ams
fonts/cm/cmmi6.pfb><C:/Program Files/MiKTeX/fonts/type1/public/amsfonts/cm/cmmi
8.pfb><C:/Program Files/MiKTeX/fonts/type1/public/amsfonts/cm/cmmi9.pfb><C:/Pro
gram Files/MiKTeX/fonts/type1/public/amsfonts/cm/cmr10.pfb><C:/Program Files/Mi
KTeX/fonts/type1/public/amsfonts/cm/cmr6.pfb><C:/Program Files/MiKTeX/fonts/typ
e1/public/amsfonts/cm/cmr8.pfb><C:/Program Files/MiKTeX/fonts/type1/public/amsf
onts/cm/cmr9.pfb><C:/Program Files/MiKTeX/fonts/type1/public/amsfonts/cm/cmsy10
.pfb><C:/Program Files/MiKTeX/fonts/type1/public/amsfonts/cm/cmsy6.pfb><C:/Prog
ram Files/MiKTeX/fonts/type1/public/amsfonts/cm/cmsy8.pfb><C:/Program Files/MiK
TeX/fonts/type1/public/amsfonts/euler/eufm10.pfb><C:/Program Files/MiKTeX/fonts
/type1/public/amsfonts/symbols/msbm10.pfb><C:/Program Files/MiKTeX/fonts/type1/
public/amsfonts/cyrillic/wncyb10.pfb><C:/Program Files/MiKTeX/fonts/type1/publi
c/amsfonts/cyrillic/wncyr10.pfb><C:/Program Files/MiKTeX/fonts/type1/public/ams
fonts/cyrillic/wncyss10.pfb>
Output written on main.pdf (44 pages, 2729650 bytes).
PDF statistics:
 1430 PDF objects out of 1440 (max. 8388607)
 247 named destinations out of 1000 (max. 500000)
 616 words of extra memory for PDF output out of 10000 (max. 10000000)

