\BOOKMARK [0][-]{chapter*.3}{Spisak slika}{}% 1
\BOOKMARK [0][-]{chapter*.4}{Uvod}{}% 2
\BOOKMARK [0][-]{chapter.1}{Obelezhja govora}{}% 3
\BOOKMARK [1][-]{section.1.1}{Kepstrum}{chapter.1}% 4
\BOOKMARK [1][-]{section.1.2}{Mel-frekvencijski kepstralni koeficijenti}{chapter.1}% 5
\BOOKMARK [2][-]{subsection.1.2.1}{Melova frekvencijska skala}{section.1.2}% 6
\BOOKMARK [2][-]{subsection.1.2.2}{Melova banka filtara}{section.1.2}% 7
\BOOKMARK [2][-]{subsection.1.2.3}{Algoritam izrachunavanja MFKK}{section.1.2}% 8
\BOOKMARK [2][-]{subsection.1.2.4}{Dinamichka obelezhja}{section.1.2}% 9
\BOOKMARK [1][-]{section.1.3}{Prikaz obelezhja govora}{chapter.1}% 10
\BOOKMARK [0][-]{chapter.2}{Obelezhja videa}{}% 11
\BOOKMARK [0][-]{chapter.3}{Rekurentne neuralne mrezhe}{}% 12
\BOOKMARK [1][-]{section.3.1}{Pregled veshtachkih neuralnih mrezha}{chapter.3}% 13
\BOOKMARK [1][-]{section.3.2}{Rani modeli rekurentnih neuralnih mrezha}{chapter.3}% 14
\BOOKMARK [1][-]{section.3.3}{Obuchavanje rekurentnih neuralnih mrezha}{chapter.3}% 15
\BOOKMARK [1][-]{section.3.4}{Moderne arhitekture rekurentnih neuralnih mrezha}{chapter.3}% 16
\BOOKMARK [2][-]{subsection.3.4.1}{LSTM model}{section.3.4}% 17
\BOOKMARK [2][-]{subsection.3.4.2}{BRNN model}{section.3.4}% 18
\BOOKMARK [0][-]{chapter.4}{Rezultati obuchavanja modela}{}% 19
\BOOKMARK [0][-]{chapter.5}{Sinteza videa}{}% 20
\BOOKMARK [0][-]{chapter*.21}{Literatura}{}% 21
